This is pdfTeX, Version 3.14159265-2.6-1.40.17 (MiKTeX 2.9.6210 64-bit) (preloaded format=pdflatex 2018.1.9)  10 JAN 2018 01:55
entering extended mode
**./Dokumentation.tex
(Dokumentation.tex
LaTeX2e <2017/01/01> patch level 1
Babel <3.9r> and hyphenation patterns for 75 language(s) loaded.
("C:\Program Files\MiKTeX 2.9\tex\latex\base\article.cls"
Document Class: article 2014/09/29 v1.4h Standard LaTeX document class
("C:\Program Files\MiKTeX 2.9\tex\latex\base\size11.clo"
File: size11.clo 2014/09/29 v1.4h Standard LaTeX file (size option)
)
\c@part=\count79
\c@section=\count80
\c@subsection=\count81
\c@subsubsection=\count82
\c@paragraph=\count83
\c@subparagraph=\count84
\c@figure=\count85
\c@table=\count86
\abovecaptionskip=\skip41
\belowcaptionskip=\skip42
\bibindent=\dimen102
)
("C:\Program Files\MiKTeX 2.9\tex\latex\siunitx\siunitx.sty"
("C:\Program Files\MiKTeX 2.9\tex\latex\l3kernel\expl3.sty"
Package: expl3 2017/12/16 L3 programming layer (loader) 

("C:\Program Files\MiKTeX 2.9\tex\latex\l3kernel\expl3-code.tex"
Package: expl3 2017/12/16 L3 programming layer (code)
\c_max_int=\count87
\l_tmpa_int=\count88
\l_tmpb_int=\count89
\g_tmpa_int=\count90
\g_tmpb_int=\count91
\g__intarray_font_int=\count92
\g__prg_map_int=\count93
\c_log_iow=\count94
\l_iow_line_count_int=\count95
\l__iow_line_target_int=\count96
\l__iow_one_indent_int=\count97
\l__iow_indent_int=\count98
\c_zero_dim=\dimen103
\c_max_dim=\dimen104
\l_tmpa_dim=\dimen105
\l_tmpb_dim=\dimen106
\g_tmpa_dim=\dimen107
\g_tmpb_dim=\dimen108
\c_zero_skip=\skip43
\c_max_skip=\skip44
\l_tmpa_skip=\skip45
\l_tmpb_skip=\skip46
\g_tmpa_skip=\skip47
\g_tmpb_skip=\skip48
\c_zero_muskip=\muskip10
\c_max_muskip=\muskip11
\l_tmpa_muskip=\muskip12
\l_tmpb_muskip=\muskip13
\g_tmpa_muskip=\muskip14
\g_tmpb_muskip=\muskip15
\l_keys_choice_int=\count99
\c__fp_leading_shift_int=\count100
\c__fp_middle_shift_int=\count101
\c__fp_trailing_shift_int=\count102
\c__fp_big_leading_shift_int=\count103
\c__fp_big_middle_shift_int=\count104
\c__fp_big_trailing_shift_int=\count105
\c__fp_Bigg_leading_shift_int=\count106
\c__fp_Bigg_middle_shift_int=\count107
\c__fp_Bigg_trailing_shift_int=\count108
\c__fp_rand_size_int=\count109
\c__fp_rand_four_int=\count110
\c__fp_rand_eight_int=\count111
\l__sort_length_int=\count112
\l__sort_min_int=\count113
\l__sort_top_int=\count114
\l__sort_max_int=\count115
\l__sort_true_max_int=\count116
\l__sort_block_int=\count117
\l__sort_begin_int=\count118
\l__sort_end_int=\count119
\l__sort_A_int=\count120
\l__sort_B_int=\count121
\l__sort_C_int=\count122
\l__tl_build_start_index_int=\count123
\l__tl_build_index_int=\count124
\l__tl_analysis_normal_int=\count125
\l__tl_analysis_index_int=\count126
\l__tl_analysis_nesting_int=\count127
\l__tl_analysis_type_int=\count128
\l__regex_internal_a_int=\count129
\l__regex_internal_b_int=\count130
\l__regex_internal_c_int=\count131
\l__regex_balance_int=\count132
\l__regex_group_level_int=\count133
\l__regex_mode_int=\count134
\c__regex_cs_in_class_mode_int=\count135
\c__regex_cs_mode_int=\count136
\l__regex_catcodes_int=\count137
\l__regex_default_catcodes_int=\count138
\c__regex_catcode_D_int=\count139
\c__regex_catcode_S_int=\count140
\c__regex_catcode_L_int=\count141
\c__regex_catcode_O_int=\count142
\c__regex_catcode_A_int=\count143
\c__regex_all_catcodes_int=\count144
\l__regex_show_lines_int=\count145
\l__regex_min_state_int=\count146
\l__regex_max_state_int=\count147
\l__regex_left_state_int=\count148
\l__regex_right_state_int=\count149
\l__regex_capturing_group_int=\count150
\l__regex_min_pos_int=\count151
\l__regex_max_pos_int=\count152
\l__regex_curr_pos_int=\count153
\l__regex_start_pos_int=\count154
\l__regex_success_pos_int=\count155
\l__regex_curr_char_int=\count156
\l__regex_curr_catcode_int=\count157
\l__regex_last_char_int=\count158
\l__regex_case_changed_char_int=\count159
\l__regex_curr_state_int=\count160
\l__regex_step_int=\count161
\l__regex_min_active_int=\count162
\l__regex_max_active_int=\count163
\l__regex_replacement_csnames_int=\count164
\l__regex_match_count_int=\count165
\l__regex_min_submatch_int=\count166
\l__regex_submatch_int=\count167
\l__regex_zeroth_submatch_int=\count168
\g__debug_trace_regex_int=\count169
\c_empty_box=\box26
\l_tmpa_box=\box27
\l_tmpb_box=\box28
\g_tmpa_box=\box29
\g_tmpb_box=\box30
\l__box_top_dim=\dimen109
\l__box_bottom_dim=\dimen110
\l__box_left_dim=\dimen111
\l__box_right_dim=\dimen112
\l__box_top_new_dim=\dimen113
\l__box_bottom_new_dim=\dimen114
\l__box_left_new_dim=\dimen115
\l__box_right_new_dim=\dimen116
\l__box_internal_box=\box31
\l__coffin_internal_box=\box32
\l__coffin_internal_dim=\dimen117
\l__coffin_offset_x_dim=\dimen118
\l__coffin_offset_y_dim=\dimen119
\l__coffin_x_dim=\dimen120
\l__coffin_y_dim=\dimen121
\l__coffin_x_prime_dim=\dimen122
\l__coffin_y_prime_dim=\dimen123
\c_empty_coffin=\box33
\l__coffin_aligned_coffin=\box34
\l__coffin_aligned_internal_coffin=\box35
\l_tmpa_coffin=\box36
\l_tmpb_coffin=\box37
\l__coffin_display_coffin=\box38
\l__coffin_display_coord_coffin=\box39
\l__coffin_display_pole_coffin=\box40
\l__coffin_display_offset_dim=\dimen124
\l__coffin_display_x_dim=\dimen125
\l__coffin_display_y_dim=\dimen126
\l__coffin_bounding_shift_dim=\dimen127
\l__coffin_left_corner_dim=\dimen128
\l__coffin_right_corner_dim=\dimen129
\l__coffin_bottom_corner_dim=\dimen130
\l__coffin_top_corner_dim=\dimen131
\l__coffin_scaled_total_height_dim=\dimen132
\l__coffin_scaled_width_dim=\dimen133
)
("C:\Program Files\MiKTeX 2.9\tex\latex\l3kernel\l3pdfmode.def"
File: l3pdfmode.def 2017/03/18 v L3 Experimental driver: PDF mode
\l__driver_color_stack_int=\count170
\l__driver_tmp_box=\box41
))
("C:\Program Files\MiKTeX 2.9\tex\latex\l3packages\xparse\xparse.sty"
Package: xparse 2017/12/16 L3 Experimental document command parser
\l__xparse_current_arg_int=\count171
\g__xparse_grabber_int=\count172
\l__xparse_m_args_int=\count173
\l__xparse_mandatory_args_int=\count174
\l__xparse_v_nesting_int=\count175
)
Package: siunitx 2017/11/26 v2.7k A comprehensive (SI) units package

("C:\Program Files\MiKTeX 2.9\tex\latex\amsmath\amstext.sty"
Package: amstext 2000/06/29 v2.01 AMS text

("C:\Program Files\MiKTeX 2.9\tex\latex\amsmath\amsgen.sty"
File: amsgen.sty 1999/11/30 v2.0 generic functions
\@emptytoks=\toks14
\ex@=\dimen134
))
("C:\Program Files\MiKTeX 2.9\tex\latex\tools\array.sty"
Package: array 2016/10/06 v2.4d Tabular extension package (FMi)
\col@sep=\dimen135
\extrarowheight=\dimen136
\NC@list=\toks15
\extratabsurround=\skip49
\backup@length=\skip50
)
("C:\Program Files\MiKTeX 2.9\tex\latex\l3packages\l3keys2e\l3keys2e.sty"
Package: l3keys2e 2017/12/16 LaTeX2e option processing using LaTeX3 keys
)
\l__siunitx_tmp_box=\box42
\l__siunitx_tmp_dim=\dimen137
\l__siunitx_tmp_int=\count176
\l__siunitx_number_mantissa_length_int=\count177
\l__siunitx_number_uncert_length_int=\count178
\l__siunitx_round_int=\count179
\l__siunitx_process_decimal_int=\count180
\l__siunitx_process_uncertainty_int=\count181
\l__siunitx_process_fixed_int=\count182
\l__siunitx_process_integer_min_int=\count183
\l__siunitx_process_precision_int=\count184
\l__siunitx_group_min_int=\count185
\l__siunitx_angle_marker_box=\box43
\l__siunitx_angle_unit_box=\box44
\l__siunitx_angle_marker_dim=\dimen138
\l__siunitx_angle_unit_dim=\dimen139
\l__siunitx_unit_int=\count186
\l__siunitx_unit_denominator_int=\count187
\l__siunitx_unit_numerator_int=\count188
\l__siunitx_unit_prefix_int=\count189
\l__siunitx_unit_prefix_base_int=\count190
\l__siunitx_unit_prefix_gram_int=\count191
\l__siunitx_number_product_int=\count192
\c__siunitx_one_fill_skip=\skip51
\l__siunitx_table_unit_align_skip=\skip52
\l__siunitx_table_exponent_dim=\dimen140
\l__siunitx_table_integer_dim=\dimen141
\l__siunitx_table_mantissa_dim=\dimen142
\l__siunitx_table_marker_dim=\dimen143
\l__siunitx_table_result_dim=\dimen144
\l__siunitx_table_uncert_dim=\dimen145
\l__siunitx_table_fill_pre_dim=\dimen146
\l__siunitx_table_fill_post_dim=\dimen147
\l__siunitx_table_fill_mid_dim=\dimen148
\l__siunitx_table_pre_box=\box45
\l__siunitx_table_post_box=\box46
\l__siunitx_table_mantissa_box=\box47
\l__siunitx_table_result_box=\box48
\l__siunitx_table_number_align_skip=\skip53
\l__siunitx_table_text_align_skip=\skip54
.................................................
. LaTeX info: "xparse/define-command"
. 
. Defining command \DeclareBinaryPrefix with sig. 'mmm' on line 7250.
.................................................
.................................................
. LaTeX info: "xparse/define-command"
. 
. Defining command \DeclareSIPostPower with sig. 'mm' on line 7253.
.................................................
.................................................
. LaTeX info: "xparse/define-command"
. 
. Defining command \DeclareSIPrefix with sig. 'mmm' on line 7256.
.................................................
.................................................
. LaTeX info: "xparse/define-command"
. 
. Defining command \DeclareSIPrePower with sig. 'mm' on line 7259.
.................................................
.................................................
. LaTeX info: "xparse/define-command"
. 
. Defining command \DeclareSIQualifier with sig. 'mm' on line 7262.
.................................................
.................................................
. LaTeX info: "xparse/define-command"
. 
. Defining command \DeclareSIUnit with sig. 'O{}mm' on line 7265.
.................................................
.................................................
. LaTeX info: "xparse/define-command"
. 
. Defining command \DeclareSIUnitWithOptions with sig. 'mmm' on line 7268.
.................................................
.................................................
. LaTeX info: "xparse/define-command"
. 
. Defining command \ang with sig. 'o>{\SplitArgument {2}{;}}m' on line 7283.
.................................................
.................................................
. LaTeX info: "xparse/define-command"
. 
. Defining command \num with sig. 'om' on line 7292.
.................................................
.................................................
. LaTeX info: "xparse/define-command"
. 
. Defining command \numlist with sig. 'o>{\SplitList {;}}m' on line 7301.
.................................................
.................................................
. LaTeX info: "xparse/define-command"
. 
. Defining command \numrange with sig. 'omm' on line 7310.
.................................................
.................................................
. LaTeX info: "xparse/define-command"
. 
. Defining command \SIlist with sig. 'o>{\SplitList {;}}mm' on line 7322.
.................................................
.................................................
. LaTeX info: "xparse/define-command"
. 
. Defining command \SIrange with sig. 'ommm' on line 7334.
.................................................
.................................................
. LaTeX info: "xparse/define-command"
. 
. Defining command \SI with sig. 'omom' on line 7346.
.................................................
.................................................
. LaTeX info: "xparse/define-command"
. 
. Defining command \sisetup with sig. 'm' on line 7349.
.................................................
.................................................
. LaTeX info: "xparse/define-command"
. 
. Defining command \tablenum with sig. 'om' on line 7364.
.................................................
.................................................
. LaTeX info: "xparse/define-command"
. 
. Defining command \si with sig. 'om' on line 7376.
.................................................
.................................................
. LaTeX info: "xparse/define-command"
. 
. Defining command \numInBookmark with sig. 'om' on line 7423.
.................................................
.................................................
. LaTeX info: "xparse/define-command"
. 
. Defining command \numrangeInBookmark with sig. 'omm' on line 7425.
.................................................
.................................................
. LaTeX info: "xparse/define-command"
. 
. Defining command \SIInBookmark with sig. 'omom' on line 7427.
.................................................
.................................................
. LaTeX info: "xparse/define-command"
. 
. Defining command \SIlistInBookmark with sig. 'omm' on line 7429.
.................................................
.................................................
. LaTeX info: "xparse/define-command"
. 
. Defining command \SIrangeInBookmark with sig. 'ommm' on line 7431.
.................................................
.................................................
. LaTeX info: "xparse/define-command"
. 
. Defining command \siInBookmark with sig. 'om' on line 7432.
.................................................
\g__file_internal_ior=\read1

("C:\Program Files\MiKTeX 2.9\tex\latex\translator\translator.sty"
Package: translator 2018/01/04 v1.12 Easy translation of strings in LaTeX

("C:\Program Files\MiKTeX 2.9\tex\latex\graphics\keyval.sty"
Package: keyval 2014/10/28 v1.15 key=value parser (DPC)
\KV@toks@=\toks16
)))
("C:\Program Files\MiKTeX 2.9\tex\latex\tools\longtable.sty"
Package: longtable 2014/10/28 v4.11 Multi-page Table package (DPC)
\LTleft=\skip55
\LTright=\skip56
\LTpre=\skip57
\LTpost=\skip58
\LTchunksize=\count193
\LTcapwidth=\dimen149
\LT@head=\box49
\LT@firsthead=\box50
\LT@foot=\box51
\LT@lastfoot=\box52
\LT@cols=\count194
\LT@rows=\count195
\c@LT@tables=\count196
\c@LT@chunks=\count197
\LT@p@ftn=\toks17
)
("C:\Program Files\MiKTeX 2.9\tex\latex\booktabs\booktabs.sty"
Package: booktabs 2005/04/14 v1.61803 publication quality tables
\heavyrulewidth=\dimen150
\lightrulewidth=\dimen151
\cmidrulewidth=\dimen152
\belowrulesep=\dimen153
\belowbottomsep=\dimen154
\aboverulesep=\dimen155
\abovetopsep=\dimen156
\cmidrulesep=\dimen157
\cmidrulekern=\dimen158
\defaultaddspace=\dimen159
\@cmidla=\count198
\@cmidlb=\count199
\@aboverulesep=\dimen160
\@belowrulesep=\dimen161
\@thisruleclass=\count266
\@lastruleclass=\count267
\@thisrulewidth=\dimen162
)
("C:\Program Files\MiKTeX 2.9\tex\latex\ltxmisc\varwidth.sty"
Package: varwidth 2009/03/30 ver 0.92;  Variable-width minipages
\@vwid@box=\box53
\sift@deathcycles=\count268
\@vwid@loff=\dimen163
\@vwid@roff=\dimen164
)
("C:\Program Files\MiKTeX 2.9\tex\generic\babel\babel.sty"
Package: babel 2016/04/23 3.9r The Babel package

*************************************
* Local config file bblopts.cfg used
*
("C:\Program Files\MiKTeX 2.9\tex\latex\arabi\bblopts.cfg"
File: bblopts.cfg 2005/09/08 v0.1 add Arabic and Farsi to "declared" options of
 babel
)
("C:\Program Files\MiKTeX 2.9\tex\latex\babel-german\german.ldf"
Language: german 2016/11/02 v2.9 German support for babel (traditional orthogra
phy)

("C:\Program Files\MiKTeX 2.9\tex\latex\babel-german\germanb.ldf"
Language: germanb 2016/11/02 v2.9 German support for babel (traditional orthogr
aphy)

("C:\Program Files\MiKTeX 2.9\tex\generic\babel\babel.def"
File: babel.def 2016/04/23 3.9r Babel common definitions
\babel@savecnt=\count269
\U@D=\dimen165
)
Package babel Info: Making " an active character on input line 139.
)))
("C:\Program Files\MiKTeX 2.9\tex\latex\psnfss\avant.sty"
Package: avant 2005/04/12 PSNFSS-v9.2a (SPQR) 
)
("C:\Program Files\MiKTeX 2.9\tex\latex\psnfss\mathptmx.sty"
Package: mathptmx 2005/04/12 PSNFSS-v9.2a Times w/ Math, improved (SPQR, WaS) 
LaTeX Font Info:    Redeclaring symbol font `operators' on input line 28.
LaTeX Font Info:    Overwriting symbol font `operators' in version `normal'
(Font)                  OT1/cmr/m/n --> OT1/ztmcm/m/n on input line 28.
LaTeX Font Info:    Overwriting symbol font `operators' in version `bold'
(Font)                  OT1/cmr/bx/n --> OT1/ztmcm/m/n on input line 28.
LaTeX Font Info:    Redeclaring symbol font `letters' on input line 29.
LaTeX Font Info:    Overwriting symbol font `letters' in version `normal'
(Font)                  OML/cmm/m/it --> OML/ztmcm/m/it on input line 29.
LaTeX Font Info:    Overwriting symbol font `letters' in version `bold'
(Font)                  OML/cmm/b/it --> OML/ztmcm/m/it on input line 29.
LaTeX Font Info:    Redeclaring symbol font `symbols' on input line 30.
LaTeX Font Info:    Overwriting symbol font `symbols' in version `normal'
(Font)                  OMS/cmsy/m/n --> OMS/ztmcm/m/n on input line 30.
LaTeX Font Info:    Overwriting symbol font `symbols' in version `bold'
(Font)                  OMS/cmsy/b/n --> OMS/ztmcm/m/n on input line 30.
LaTeX Font Info:    Redeclaring symbol font `largesymbols' on input line 31.
LaTeX Font Info:    Overwriting symbol font `largesymbols' in version `normal'
(Font)                  OMX/cmex/m/n --> OMX/ztmcm/m/n on input line 31.
LaTeX Font Info:    Overwriting symbol font `largesymbols' in version `bold'
(Font)                  OMX/cmex/m/n --> OMX/ztmcm/m/n on input line 31.
\symbold=\mathgroup4
\symitalic=\mathgroup5
LaTeX Font Info:    Redeclaring math alphabet \mathbf on input line 34.
LaTeX Font Info:    Overwriting math alphabet `\mathbf' in version `normal'
(Font)                  OT1/cmr/bx/n --> OT1/ptm/bx/n on input line 34.
LaTeX Font Info:    Overwriting math alphabet `\mathbf' in version `bold'
(Font)                  OT1/cmr/bx/n --> OT1/ptm/bx/n on input line 34.
LaTeX Font Info:    Redeclaring math alphabet \mathit on input line 35.
LaTeX Font Info:    Overwriting math alphabet `\mathit' in version `normal'
(Font)                  OT1/cmr/m/it --> OT1/ptm/m/it on input line 35.
LaTeX Font Info:    Overwriting math alphabet `\mathit' in version `bold'
(Font)                  OT1/cmr/bx/it --> OT1/ptm/m/it on input line 35.
LaTeX Info: Redefining \hbar on input line 50.
)
("C:\Program Files\MiKTeX 2.9\tex\latex\xcolor\xcolor.sty"
Package: xcolor 2016/05/11 v2.12 LaTeX color extensions (UK)

("C:\Program Files\MiKTeX 2.9\tex\latex\graphics-cfg\color.cfg"
File: color.cfg 2016/01/02 v1.6 sample color configuration
)
Package xcolor Info: Driver file: pdftex.def on input line 225.

("C:\Program Files\MiKTeX 2.9\tex\latex\graphics-def\pdftex.def"
File: pdftex.def 2017/01/12 v0.06k Graphics/color for pdfTeX

("C:\Program Files\MiKTeX 2.9\tex\generic\oberdiek\infwarerr.sty"
Package: infwarerr 2016/05/16 v1.4 Providing info/warning/error messages (HO)
)
("C:\Program Files\MiKTeX 2.9\tex\generic\oberdiek\ltxcmds.sty"
Package: ltxcmds 2016/05/16 v1.23 LaTeX kernel commands for general use (HO)
)
\Gread@gobject=\count270
)
Package xcolor Info: Model `cmy' substituted by `cmy0' on input line 1348.
Package xcolor Info: Model `hsb' substituted by `rgb' on input line 1352.
Package xcolor Info: Model `RGB' extended on input line 1364.
Package xcolor Info: Model `HTML' substituted by `rgb' on input line 1366.
Package xcolor Info: Model `Hsb' substituted by `hsb' on input line 1367.
Package xcolor Info: Model `tHsb' substituted by `hsb' on input line 1368.
Package xcolor Info: Model `HSB' substituted by `hsb' on input line 1369.
Package xcolor Info: Model `Gray' substituted by `gray' on input line 1370.
Package xcolor Info: Model `wave' substituted by `hsb' on input line 1371.
)
("C:\Program Files\MiKTeX 2.9\tex\latex\microtype\microtype.sty"
Package: microtype 2016/05/14 v2.6a Micro-typographical refinements (RS)
\MT@toks=\toks18
\MT@count=\count271
LaTeX Info: Redefining \textls on input line 774.
\MT@outer@kern=\dimen166
LaTeX Info: Redefining \textmicrotypecontext on input line 1310.
\MT@listname@count=\count272

("C:\Program Files\MiKTeX 2.9\tex\latex\microtype\microtype-pdftex.def"
File: microtype-pdftex.def 2016/05/14 v2.6a Definitions specific to pdftex (RS)

LaTeX Info: Redefining \lsstyle on input line 916.
LaTeX Info: Redefining \lslig on input line 916.
\MT@outer@space=\skip59
)
Package microtype Info: Loading configuration file microtype.cfg.

("C:\Program Files\MiKTeX 2.9\tex\latex\microtype\microtype.cfg"
File: microtype.cfg 2016/05/14 v2.6a microtype main configuration file (RS)
))
("C:\Program Files\MiKTeX 2.9\tex\latex\base\inputenc.sty"
Package: inputenc 2015/03/17 v1.2c Input encoding file
\inpenc@prehook=\toks19
\inpenc@posthook=\toks20

("C:\Program Files\MiKTeX 2.9\tex\latex\base\utf8.def"
File: utf8.def 2016/02/28 v1.1s UTF-8 support for inputenc
Now handling font encoding OML ...
... no UTF-8 mapping file for font encoding OML
Now handling font encoding T1 ...
... processing UTF-8 mapping file for font encoding T1

("C:\Program Files\MiKTeX 2.9\tex\latex\base\t1enc.dfu"
File: t1enc.dfu 2016/02/28 v1.1s UTF-8 support for inputenc
   defining Unicode char U+00A0 (decimal 160)
   defining Unicode char U+00A1 (decimal 161)
   defining Unicode char U+00A3 (decimal 163)
   defining Unicode char U+00AB (decimal 171)
   defining Unicode char U+00AD (decimal 173)
   defining Unicode char U+00BB (decimal 187)
   defining Unicode char U+00BF (decimal 191)
   defining Unicode char U+00C0 (decimal 192)
   defining Unicode char U+00C1 (decimal 193)
   defining Unicode char U+00C2 (decimal 194)
   defining Unicode char U+00C3 (decimal 195)
   defining Unicode char U+00C4 (decimal 196)
   defining Unicode char U+00C5 (decimal 197)
   defining Unicode char U+00C6 (decimal 198)
   defining Unicode char U+00C7 (decimal 199)
   defining Unicode char U+00C8 (decimal 200)
   defining Unicode char U+00C9 (decimal 201)
   defining Unicode char U+00CA (decimal 202)
   defining Unicode char U+00CB (decimal 203)
   defining Unicode char U+00CC (decimal 204)
   defining Unicode char U+00CD (decimal 205)
   defining Unicode char U+00CE (decimal 206)
   defining Unicode char U+00CF (decimal 207)
   defining Unicode char U+00D0 (decimal 208)
   defining Unicode char U+00D1 (decimal 209)
   defining Unicode char U+00D2 (decimal 210)
   defining Unicode char U+00D3 (decimal 211)
   defining Unicode char U+00D4 (decimal 212)
   defining Unicode char U+00D5 (decimal 213)
   defining Unicode char U+00D6 (decimal 214)
   defining Unicode char U+00D8 (decimal 216)
   defining Unicode char U+00D9 (decimal 217)
   defining Unicode char U+00DA (decimal 218)
   defining Unicode char U+00DB (decimal 219)
   defining Unicode char U+00DC (decimal 220)
   defining Unicode char U+00DD (decimal 221)
   defining Unicode char U+00DE (decimal 222)
   defining Unicode char U+00DF (decimal 223)
   defining Unicode char U+00E0 (decimal 224)
   defining Unicode char U+00E1 (decimal 225)
   defining Unicode char U+00E2 (decimal 226)
   defining Unicode char U+00E3 (decimal 227)
   defining Unicode char U+00E4 (decimal 228)
   defining Unicode char U+00E5 (decimal 229)
   defining Unicode char U+00E6 (decimal 230)
   defining Unicode char U+00E7 (decimal 231)
   defining Unicode char U+00E8 (decimal 232)
   defining Unicode char U+00E9 (decimal 233)
   defining Unicode char U+00EA (decimal 234)
   defining Unicode char U+00EB (decimal 235)
   defining Unicode char U+00EC (decimal 236)
   defining Unicode char U+00ED (decimal 237)
   defining Unicode char U+00EE (decimal 238)
   defining Unicode char U+00EF (decimal 239)
   defining Unicode char U+00F0 (decimal 240)
   defining Unicode char U+00F1 (decimal 241)
   defining Unicode char U+00F2 (decimal 242)
   defining Unicode char U+00F3 (decimal 243)
   defining Unicode char U+00F4 (decimal 244)
   defining Unicode char U+00F5 (decimal 245)
   defining Unicode char U+00F6 (decimal 246)
   defining Unicode char U+00F8 (decimal 248)
   defining Unicode char U+00F9 (decimal 249)
   defining Unicode char U+00FA (decimal 250)
   defining Unicode char U+00FB (decimal 251)
   defining Unicode char U+00FC (decimal 252)
   defining Unicode char U+00FD (decimal 253)
   defining Unicode char U+00FE (decimal 254)
   defining Unicode char U+00FF (decimal 255)
   defining Unicode char U+0100 (decimal 256)
   defining Unicode char U+0101 (decimal 257)
   defining Unicode char U+0102 (decimal 258)
   defining Unicode char U+0103 (decimal 259)
   defining Unicode char U+0104 (decimal 260)
   defining Unicode char U+0105 (decimal 261)
   defining Unicode char U+0106 (decimal 262)
   defining Unicode char U+0107 (decimal 263)
   defining Unicode char U+0108 (decimal 264)
   defining Unicode char U+0109 (decimal 265)
   defining Unicode char U+010A (decimal 266)
   defining Unicode char U+010B (decimal 267)
   defining Unicode char U+010C (decimal 268)
   defining Unicode char U+010D (decimal 269)
   defining Unicode char U+010E (decimal 270)
   defining Unicode char U+010F (decimal 271)
   defining Unicode char U+0110 (decimal 272)
   defining Unicode char U+0111 (decimal 273)
   defining Unicode char U+0112 (decimal 274)
   defining Unicode char U+0113 (decimal 275)
   defining Unicode char U+0114 (decimal 276)
   defining Unicode char U+0115 (decimal 277)
   defining Unicode char U+0116 (decimal 278)
   defining Unicode char U+0117 (decimal 279)
   defining Unicode char U+0118 (decimal 280)
   defining Unicode char U+0119 (decimal 281)
   defining Unicode char U+011A (decimal 282)
   defining Unicode char U+011B (decimal 283)
   defining Unicode char U+011C (decimal 284)
   defining Unicode char U+011D (decimal 285)
   defining Unicode char U+011E (decimal 286)
   defining Unicode char U+011F (decimal 287)
   defining Unicode char U+0120 (decimal 288)
   defining Unicode char U+0121 (decimal 289)
   defining Unicode char U+0122 (decimal 290)
   defining Unicode char U+0123 (decimal 291)
   defining Unicode char U+0124 (decimal 292)
   defining Unicode char U+0125 (decimal 293)
   defining Unicode char U+0128 (decimal 296)
   defining Unicode char U+0129 (decimal 297)
   defining Unicode char U+012A (decimal 298)
   defining Unicode char U+012B (decimal 299)
   defining Unicode char U+012C (decimal 300)
   defining Unicode char U+012D (decimal 301)
   defining Unicode char U+012E (decimal 302)
   defining Unicode char U+012F (decimal 303)
   defining Unicode char U+0130 (decimal 304)
   defining Unicode char U+0131 (decimal 305)
   defining Unicode char U+0132 (decimal 306)
   defining Unicode char U+0133 (decimal 307)
   defining Unicode char U+0134 (decimal 308)
   defining Unicode char U+0135 (decimal 309)
   defining Unicode char U+0136 (decimal 310)
   defining Unicode char U+0137 (decimal 311)
   defining Unicode char U+0139 (decimal 313)
   defining Unicode char U+013A (decimal 314)
   defining Unicode char U+013B (decimal 315)
   defining Unicode char U+013C (decimal 316)
   defining Unicode char U+013D (decimal 317)
   defining Unicode char U+013E (decimal 318)
   defining Unicode char U+0141 (decimal 321)
   defining Unicode char U+0142 (decimal 322)
   defining Unicode char U+0143 (decimal 323)
   defining Unicode char U+0144 (decimal 324)
   defining Unicode char U+0145 (decimal 325)
   defining Unicode char U+0146 (decimal 326)
   defining Unicode char U+0147 (decimal 327)
   defining Unicode char U+0148 (decimal 328)
   defining Unicode char U+014A (decimal 330)
   defining Unicode char U+014B (decimal 331)
   defining Unicode char U+014C (decimal 332)
   defining Unicode char U+014D (decimal 333)
   defining Unicode char U+014E (decimal 334)
   defining Unicode char U+014F (decimal 335)
   defining Unicode char U+0150 (decimal 336)
   defining Unicode char U+0151 (decimal 337)
   defining Unicode char U+0152 (decimal 338)
   defining Unicode char U+0153 (decimal 339)
   defining Unicode char U+0154 (decimal 340)
   defining Unicode char U+0155 (decimal 341)
   defining Unicode char U+0156 (decimal 342)
   defining Unicode char U+0157 (decimal 343)
   defining Unicode char U+0158 (decimal 344)
   defining Unicode char U+0159 (decimal 345)
   defining Unicode char U+015A (decimal 346)
   defining Unicode char U+015B (decimal 347)
   defining Unicode char U+015C (decimal 348)
   defining Unicode char U+015D (decimal 349)
   defining Unicode char U+015E (decimal 350)
   defining Unicode char U+015F (decimal 351)
   defining Unicode char U+0160 (decimal 352)
   defining Unicode char U+0161 (decimal 353)
   defining Unicode char U+0162 (decimal 354)
   defining Unicode char U+0163 (decimal 355)
   defining Unicode char U+0164 (decimal 356)
   defining Unicode char U+0165 (decimal 357)
   defining Unicode char U+0168 (decimal 360)
   defining Unicode char U+0169 (decimal 361)
   defining Unicode char U+016A (decimal 362)
   defining Unicode char U+016B (decimal 363)
   defining Unicode char U+016C (decimal 364)
   defining Unicode char U+016D (decimal 365)
   defining Unicode char U+016E (decimal 366)
   defining Unicode char U+016F (decimal 367)
   defining Unicode char U+0170 (decimal 368)
   defining Unicode char U+0171 (decimal 369)
   defining Unicode char U+0172 (decimal 370)
   defining Unicode char U+0173 (decimal 371)
   defining Unicode char U+0174 (decimal 372)
   defining Unicode char U+0175 (decimal 373)
   defining Unicode char U+0176 (decimal 374)
   defining Unicode char U+0177 (decimal 375)
   defining Unicode char U+0178 (decimal 376)
   defining Unicode char U+0179 (decimal 377)
   defining Unicode char U+017A (decimal 378)
   defining Unicode char U+017B (decimal 379)
   defining Unicode char U+017C (decimal 380)
   defining Unicode char U+017D (decimal 381)
   defining Unicode char U+017E (decimal 382)
   defining Unicode char U+01CD (decimal 461)
   defining Unicode char U+01CE (decimal 462)
   defining Unicode char U+01CF (decimal 463)
   defining Unicode char U+01D0 (decimal 464)
   defining Unicode char U+01D1 (decimal 465)
   defining Unicode char U+01D2 (decimal 466)
   defining Unicode char U+01D3 (decimal 467)
   defining Unicode char U+01D4 (decimal 468)
   defining Unicode char U+01E2 (decimal 482)
   defining Unicode char U+01E3 (decimal 483)
   defining Unicode char U+01E6 (decimal 486)
   defining Unicode char U+01E7 (decimal 487)
   defining Unicode char U+01E8 (decimal 488)
   defining Unicode char U+01E9 (decimal 489)
   defining Unicode char U+01EA (decimal 490)
   defining Unicode char U+01EB (decimal 491)
   defining Unicode char U+01F0 (decimal 496)
   defining Unicode char U+01F4 (decimal 500)
   defining Unicode char U+01F5 (decimal 501)
   defining Unicode char U+0218 (decimal 536)
   defining Unicode char U+0219 (decimal 537)
   defining Unicode char U+021A (decimal 538)
   defining Unicode char U+021B (decimal 539)
   defining Unicode char U+1E02 (decimal 7682)
   defining Unicode char U+1E03 (decimal 7683)
   defining Unicode char U+200C (decimal 8204)
   defining Unicode char U+2010 (decimal 8208)
   defining Unicode char U+2011 (decimal 8209)
   defining Unicode char U+2012 (decimal 8210)
   defining Unicode char U+2013 (decimal 8211)
   defining Unicode char U+2014 (decimal 8212)
   defining Unicode char U+2015 (decimal 8213)
   defining Unicode char U+2018 (decimal 8216)
   defining Unicode char U+2019 (decimal 8217)
   defining Unicode char U+201A (decimal 8218)
   defining Unicode char U+201C (decimal 8220)
   defining Unicode char U+201D (decimal 8221)
   defining Unicode char U+201E (decimal 8222)
   defining Unicode char U+2030 (decimal 8240)
   defining Unicode char U+2031 (decimal 8241)
   defining Unicode char U+2039 (decimal 8249)
   defining Unicode char U+203A (decimal 8250)
   defining Unicode char U+2423 (decimal 9251)
)
Now handling font encoding OT1 ...
... processing UTF-8 mapping file for font encoding OT1

("C:\Program Files\MiKTeX 2.9\tex\latex\base\ot1enc.dfu"
File: ot1enc.dfu 2016/02/28 v1.1s UTF-8 support for inputenc
   defining Unicode char U+00A0 (decimal 160)
   defining Unicode char U+00A1 (decimal 161)
   defining Unicode char U+00A3 (decimal 163)
   defining Unicode char U+00AD (decimal 173)
   defining Unicode char U+00B8 (decimal 184)
   defining Unicode char U+00BF (decimal 191)
   defining Unicode char U+00C5 (decimal 197)
   defining Unicode char U+00C6 (decimal 198)
   defining Unicode char U+00D8 (decimal 216)
   defining Unicode char U+00DF (decimal 223)
   defining Unicode char U+00E6 (decimal 230)
   defining Unicode char U+00EC (decimal 236)
   defining Unicode char U+00ED (decimal 237)
   defining Unicode char U+00EE (decimal 238)
   defining Unicode char U+00EF (decimal 239)
   defining Unicode char U+00F8 (decimal 248)
   defining Unicode char U+0131 (decimal 305)
   defining Unicode char U+0141 (decimal 321)
   defining Unicode char U+0142 (decimal 322)
   defining Unicode char U+0152 (decimal 338)
   defining Unicode char U+0153 (decimal 339)
   defining Unicode char U+0174 (decimal 372)
   defining Unicode char U+0175 (decimal 373)
   defining Unicode char U+0176 (decimal 374)
   defining Unicode char U+0177 (decimal 375)
   defining Unicode char U+0218 (decimal 536)
   defining Unicode char U+0219 (decimal 537)
   defining Unicode char U+021A (decimal 538)
   defining Unicode char U+021B (decimal 539)
   defining Unicode char U+2013 (decimal 8211)
   defining Unicode char U+2014 (decimal 8212)
   defining Unicode char U+2018 (decimal 8216)
   defining Unicode char U+2019 (decimal 8217)
   defining Unicode char U+201C (decimal 8220)
   defining Unicode char U+201D (decimal 8221)
)
Now handling font encoding OMS ...
... processing UTF-8 mapping file for font encoding OMS

("C:\Program Files\MiKTeX 2.9\tex\latex\base\omsenc.dfu"
File: omsenc.dfu 2016/02/28 v1.1s UTF-8 support for inputenc
   defining Unicode char U+00A7 (decimal 167)
   defining Unicode char U+00B6 (decimal 182)
   defining Unicode char U+00B7 (decimal 183)
   defining Unicode char U+2020 (decimal 8224)
   defining Unicode char U+2021 (decimal 8225)
   defining Unicode char U+2022 (decimal 8226)
)
Now handling font encoding OMX ...
... no UTF-8 mapping file for font encoding OMX
Now handling font encoding U ...
... no UTF-8 mapping file for font encoding U
   defining Unicode char U+00A9 (decimal 169)
   defining Unicode char U+00AA (decimal 170)
   defining Unicode char U+00AE (decimal 174)
   defining Unicode char U+00BA (decimal 186)
   defining Unicode char U+02C6 (decimal 710)
   defining Unicode char U+02DC (decimal 732)
   defining Unicode char U+200C (decimal 8204)
   defining Unicode char U+2026 (decimal 8230)
   defining Unicode char U+2122 (decimal 8482)
   defining Unicode char U+2423 (decimal 9251)
))
("C:\Program Files\MiKTeX 2.9\tex\latex\base\fontenc.sty"
Package: fontenc 2017/01/24 v2.0c Standard LaTeX package

("C:\Program Files\MiKTeX 2.9\tex\latex\base\t1enc.def"
File: t1enc.def 2017/01/24 v2.0c Standard LaTeX file
LaTeX Font Info:    Redeclaring font encoding T1 on input line 48.
))
("C:\Program Files\MiKTeX 2.9\tex\latex\amsfonts\amssymb.sty"
Package: amssymb 2013/01/14 v3.01 AMS font symbols

("C:\Program Files\MiKTeX 2.9\tex\latex\amsfonts\amsfonts.sty"
Package: amsfonts 2013/01/14 v3.01 Basic AMSFonts support
\symAMSa=\mathgroup6
\symAMSb=\mathgroup7
LaTeX Font Info:    Overwriting math alphabet `\mathfrak' in version `bold'
(Font)                  U/euf/m/n --> U/euf/b/n on input line 106.
))
("C:\Program Files\MiKTeX 2.9\tex\latex\tools\tabularx.sty"
Package: tabularx 2016/02/03 v2.11 `tabularx' package (DPC)
\TX@col@width=\dimen167
\TX@old@table=\dimen168
\TX@old@col=\dimen169
\TX@target=\dimen170
\TX@delta=\dimen171
\TX@cols=\count273
\TX@ftn=\toks21
)
("C:\Program Files\MiKTeX 2.9\tex\latex\amsmath\amsmath.sty"
Package: amsmath 2016/11/05 v2.16a AMS math features
\@mathmargin=\skip60

For additional information on amsmath, use the `?' option.
("C:\Program Files\MiKTeX 2.9\tex\latex\amsmath\amsbsy.sty"
Package: amsbsy 1999/11/29 v1.2d Bold Symbols
\pmbraise@=\dimen172
)
("C:\Program Files\MiKTeX 2.9\tex\latex\amsmath\amsopn.sty"
Package: amsopn 2016/03/08 v2.02 operator names
)
\inf@bad=\count274
LaTeX Info: Redefining \frac on input line 213.
\uproot@=\count275
\leftroot@=\count276
LaTeX Info: Redefining \overline on input line 375.
\classnum@=\count277
\DOTSCASE@=\count278
LaTeX Info: Redefining \ldots on input line 472.
LaTeX Info: Redefining \dots on input line 475.
LaTeX Info: Redefining \cdots on input line 596.
\Mathstrutbox@=\box54
\strutbox@=\box55
\big@size=\dimen173
LaTeX Font Info:    Redeclaring font encoding OML on input line 712.
LaTeX Font Info:    Redeclaring font encoding OMS on input line 713.
\macc@depth=\count279
\c@MaxMatrixCols=\count280
\dotsspace@=\muskip16
\c@parentequation=\count281
\dspbrk@lvl=\count282
\tag@help=\toks22
\row@=\count283
\column@=\count284
\maxfields@=\count285
\andhelp@=\toks23
\eqnshift@=\dimen174
\alignsep@=\dimen175
\tagshift@=\dimen176
\tagwidth@=\dimen177
\totwidth@=\dimen178
\lineht@=\dimen179
\@envbody=\toks24
\multlinegap=\skip61
\multlinetaggap=\skip62
\mathdisplay@stack=\toks25
LaTeX Info: Redefining \[ on input line 2817.
LaTeX Info: Redefining \] on input line 2818.
)
("C:\Program Files\MiKTeX 2.9\tex\latex\graphics\graphicx.sty"
Package: graphicx 2014/10/28 v1.0g Enhanced LaTeX Graphics (DPC,SPQR)

("C:\Program Files\MiKTeX 2.9\tex\latex\graphics\graphics.sty"
Package: graphics 2016/10/09 v1.0u Standard LaTeX Graphics (DPC,SPQR)

("C:\Program Files\MiKTeX 2.9\tex\latex\graphics\trig.sty"
Package: trig 2016/01/03 v1.10 sin cos tan (DPC)
)
("C:\Program Files\MiKTeX 2.9\tex\latex\graphics-cfg\graphics.cfg"
File: graphics.cfg 2016/06/04 v1.11 sample graphics configuration
)
Package graphics Info: Driver file: pdftex.def on input line 99.
)
\Gin@req@height=\dimen180
\Gin@req@width=\dimen181
)
("C:\Program Files\MiKTeX 2.9\tex\latex\geometry\geometry.sty"
Package: geometry 2010/09/12 v5.6 Page Geometry

("C:\Program Files\MiKTeX 2.9\tex\generic\oberdiek\ifpdf.sty"
Package: ifpdf 2016/05/14 v3.1 Provides the ifpdf switch
)
("C:\Program Files\MiKTeX 2.9\tex\generic\oberdiek\ifvtex.sty"
Package: ifvtex 2016/05/16 v1.6 Detect VTeX and its facilities (HO)
Package ifvtex Info: VTeX not detected.
)
("C:\Program Files\MiKTeX 2.9\tex\generic\ifxetex\ifxetex.sty"
Package: ifxetex 2010/09/12 v0.6 Provides ifxetex conditional
)
\Gm@cnth=\count286
\Gm@cntv=\count287
\c@Gm@tempcnt=\count288
\Gm@bindingoffset=\dimen182
\Gm@wd@mp=\dimen183
\Gm@odd@mp=\dimen184
\Gm@even@mp=\dimen185
\Gm@layoutwidth=\dimen186
\Gm@layoutheight=\dimen187
\Gm@layouthoffset=\dimen188
\Gm@layoutvoffset=\dimen189
\Gm@dimlist=\toks26

("C:\Program Files\MiKTeX 2.9\tex\latex\geometry\geometry.cfg"))
("C:\Program Files\MiKTeX 2.9\tex\latex\cite\cite.sty"
LaTeX Info: Redefining \cite on input line 302.
LaTeX Info: Redefining \nocite on input line 332.
Package: cite 2015/02/27  v 5.5
)
("C:\Program Files\MiKTeX 2.9\tex\latex\float\float.sty"
Package: float 2001/11/08 v1.3d Float enhancements (AL)
\c@float@type=\count289
\float@exts=\toks27
\float@box=\box56
\@float@everytoks=\toks28
\@floatcapt=\box57
)
("C:\Program Files\MiKTeX 2.9\tex\latex\germbib\bibgerm.sty"
Package: bibgerm 2000/08/18 v0.1 Support for mixed language bibliographies

** Macros for german `BibTeX'ing added to Style Option `german' 20 Apr 1993 **
** idea and languages `german' and `USenglish' implemented by M. Wallmeier **
** Modified for LaTeX 2e and german.sty 2.5b by A. Scherer 1 Nov 1995 **
** Modified for ngerman.sty and babel.sty by H. Harders 21 August 2000 **)
("C:\Program Files\MiKTeX 2.9\tex\latex\subfigure\subfigure.sty"
Package: subfigure 2002/07/30 v2.1.4 subfigure package
\subfigtopskip=\skip63
\subfigcapskip=\skip64
\subfigcaptopadj=\dimen190
\subfigbottomskip=\skip65
\subfigcapmargin=\dimen191
\subfiglabelskip=\skip66
\c@subfigure=\count290
\c@lofdepth=\count291
\c@subtable=\count292
\c@lotdepth=\count293

****************************************
* Local config file subfigure.cfg used *
****************************************
("C:\Program Files\MiKTeX 2.9\tex\latex\subfigure\subfigure.cfg")
\subfig@top=\skip67
\subfig@bottom=\skip68
)
("C:\Program Files\MiKTeX 2.9\tex\latex\hyperref\hyperref.sty"
Package: hyperref 2016/06/24 v6.83q Hypertext links for LaTeX

("C:\Program Files\MiKTeX 2.9\tex\generic\oberdiek\hobsub-hyperref.sty"
Package: hobsub-hyperref 2016/05/16 v1.14 Bundle oberdiek, subset hyperref (HO)


("C:\Program Files\MiKTeX 2.9\tex\generic\oberdiek\hobsub-generic.sty"
Package: hobsub-generic 2016/05/16 v1.14 Bundle oberdiek, subset generic (HO)
Package: hobsub 2016/05/16 v1.14 Construct package bundles (HO)
Package hobsub Info: Skipping package `infwarerr' (already loaded).
Package hobsub Info: Skipping package `ltxcmds' (already loaded).
Package: ifluatex 2016/05/16 v1.4 Provides the ifluatex switch (HO)
Package ifluatex Info: LuaTeX not detected.
Package hobsub Info: Skipping package `ifvtex' (already loaded).
Package: intcalc 2016/05/16 v1.2 Expandable calculations with integers (HO)
Package hobsub Info: Skipping package `ifpdf' (already loaded).
Package: etexcmds 2016/05/16 v1.6 Avoid name clashes with e-TeX commands (HO)
Package etexcmds Info: Could not find \expanded.
(etexcmds)             That can mean that you are not using pdfTeX 1.50 or
(etexcmds)             that some package has redefined \expanded.
(etexcmds)             In the latter case, load this package earlier.
Package: kvsetkeys 2016/05/16 v1.17 Key value parser (HO)
Package: kvdefinekeys 2016/05/16 v1.4 Define keys (HO)
Package: pdftexcmds 2016/05/21 v0.22 Utility functions of pdfTeX for LuaTeX (HO
)
Package pdftexcmds Info: LuaTeX not detected.
Package pdftexcmds Info: \pdf@primitive is available.
Package pdftexcmds Info: \pdf@ifprimitive is available.
Package pdftexcmds Info: \pdfdraftmode found.
Package: pdfescape 2016/05/16 v1.14 Implements pdfTeX's escape features (HO)
Package: bigintcalc 2016/05/16 v1.4 Expandable calculations on big integers (HO
)
Package: bitset 2016/05/16 v1.2 Handle bit-vector datatype (HO)
Package: uniquecounter 2016/05/16 v1.3 Provide unlimited unique counter (HO)
)
Package hobsub Info: Skipping package `hobsub' (already loaded).
Package: letltxmacro 2016/05/16 v1.5 Let assignment for LaTeX macros (HO)
Package: hopatch 2016/05/16 v1.3 Wrapper for package hooks (HO)
Package: xcolor-patch 2016/05/16 xcolor patch
Package: atveryend 2016/05/16 v1.9 Hooks at the very end of document (HO)
Package atveryend Info: \enddocument detected (standard20110627).
Package: atbegshi 2016/06/09 v1.18 At begin shipout hook (HO)
Package: refcount 2016/05/16 v3.5 Data extraction from label references (HO)
Package: hycolor 2016/05/16 v1.8 Color options for hyperref/bookmark (HO)
)
("C:\Program Files\MiKTeX 2.9\tex\latex\oberdiek\auxhook.sty"
Package: auxhook 2016/05/16 v1.4 Hooks for auxiliary files (HO)
)
("C:\Program Files\MiKTeX 2.9\tex\latex\oberdiek\kvoptions.sty"
Package: kvoptions 2016/05/16 v3.12 Key value format for package options (HO)
)
\@linkdim=\dimen192
\Hy@linkcounter=\count294
\Hy@pagecounter=\count295

("C:\Program Files\MiKTeX 2.9\tex\latex\hyperref\pd1enc.def"
File: pd1enc.def 2016/06/24 v6.83q Hyperref: PDFDocEncoding definition (HO)
Now handling font encoding PD1 ...
... no UTF-8 mapping file for font encoding PD1
)
\Hy@SavedSpaceFactor=\count296

("C:\Program Files\MiKTeX 2.9\tex\latex\00miktex\hyperref.cfg"
File: hyperref.cfg 2002/06/06 v1.2 hyperref configuration of TeXLive
)
Package hyperref Info: Option `final' set `true' on input line 4362.
Package hyperref Info: Hyper figures OFF on input line 4486.
Package hyperref Info: Link nesting OFF on input line 4491.
Package hyperref Info: Hyper index ON on input line 4494.
Package hyperref Info: Plain pages OFF on input line 4501.
Package hyperref Info: Backreferencing OFF on input line 4506.
Package hyperref Info: Implicit mode ON; LaTeX internals redefined.
Package hyperref Info: Bookmarks ON on input line 4735.
\c@Hy@tempcnt=\count297

("C:\Program Files\MiKTeX 2.9\tex\latex\url\url.sty"
\Urlmuskip=\muskip17
Package: url 2013/09/16  ver 3.4  Verb mode for urls, etc.
)
LaTeX Info: Redefining \url on input line 5088.
\XeTeXLinkMargin=\dimen193
\Fld@menulength=\count298
\Field@Width=\dimen194
\Fld@charsize=\dimen195
Package hyperref Info: Hyper figures OFF on input line 6342.
Package hyperref Info: Link nesting OFF on input line 6347.
Package hyperref Info: Hyper index ON on input line 6350.
Package hyperref Info: backreferencing OFF on input line 6357.
Package hyperref Info: Link coloring OFF on input line 6362.
Package hyperref Info: Link coloring with OCG OFF on input line 6367.
Package hyperref Info: PDF/A mode OFF on input line 6372.
LaTeX Info: Redefining \ref on input line 6412.
LaTeX Info: Redefining \pageref on input line 6416.
\Hy@abspage=\count299
\c@Item=\count300
\c@Hfootnote=\count301
)

Package hyperref Message: Driver (autodetected): hpdftex.

("C:\Program Files\MiKTeX 2.9\tex\latex\hyperref\hpdftex.def"
File: hpdftex.def 2016/06/24 v6.83q Hyperref driver for pdfTeX
\Fld@listcount=\count302
\c@bookmark@seq@number=\count303

("C:\Program Files\MiKTeX 2.9\tex\latex\oberdiek\rerunfilecheck.sty"
Package: rerunfilecheck 2016/05/16 v1.8 Rerun checks for auxiliary files (HO)
Package uniquecounter Info: New unique counter `rerunfilecheck' on input line 2
82.
)
\Hy@SectionHShift=\skip69
)
("C:\Program Files\MiKTeX 2.9\tex\latex\titlesec\titlesec.sty"
Package: titlesec 2016/03/21 v2.10.2 Sectioning titles
\ttl@box=\box58
\beforetitleunit=\skip70
\aftertitleunit=\skip71
\ttl@plus=\dimen196
\ttl@minus=\dimen197
\ttl@toksa=\toks29
\titlewidth=\dimen198
\titlewidthlast=\dimen199
\titlewidthfirst=\dimen256
)
("C:\Program Files\MiKTeX 2.9\tex\latex\wrapfig\wrapfig.sty"
\wrapoverhang=\dimen257
\WF@size=\dimen258
\c@WF@wrappedlines=\count304
\WF@box=\box59
\WF@everypar=\toks30
Package: wrapfig 2003/01/31  v 3.6
)
("C:\Program Files\MiKTeX 2.9\tex\latex\lipsum\lipsum.sty"
Package: lipsum 2014/07/27 v1.3 150 paragraphs of Lorem Ipsum dummy text
\c@lips@count=\count305
)
("C:\Program Files\MiKTeX 2.9\tex\latex\setspace\setspace.sty"
Package: setspace 2011/12/19 v6.7a set line spacing
)
Package hyperref Info: Option `colorlinks' set `true' on input line 36.

("C:\Program Files\MiKTeX 2.9\tex\latex\blindtext\blindtext.sty"
Package: blindtext 2012/01/06 V2.0 blindtext-Package

("C:\Program Files\MiKTeX 2.9\tex\latex\tools\xspace.sty"
Package: xspace 2014/10/28 v1.13 Space after command names (DPC,MH)
)
\c@blindtext=\count306
\c@Blindtext=\count307
\c@blind@countparstart=\count308
\blind@countxx=\count309
\blindtext@numBlindtext=\count310
\blind@countyy=\count311
\c@blindlist=\count312
\c@blindlistlevel=\count313
\c@blindlist@level=\count314
\blind@listitem=\count315
\c@blind@listcount=\count316
\c@blind@levelcount=\count317
\blind@mathformula=\count318
\blind@Mathformula=\count319
\c@blind@randomcount=\count320
\c@blind@randommax=\count321
\c@blind@pangramcount=\count322
\c@blind@pangrammax=\count323
) (Dokumentation.aux)
\openout1 = `Dokumentation.aux'.

LaTeX Font Info:    Checking defaults for OML/cmm/m/it on input line 68.
LaTeX Font Info:    ... okay on input line 68.
LaTeX Font Info:    Checking defaults for T1/cmr/m/n on input line 68.
LaTeX Font Info:    ... okay on input line 68.
LaTeX Font Info:    Checking defaults for OT1/cmr/m/n on input line 68.
LaTeX Font Info:    ... okay on input line 68.
LaTeX Font Info:    Checking defaults for OMS/cmsy/m/n on input line 68.
LaTeX Font Info:    ... okay on input line 68.
LaTeX Font Info:    Checking defaults for OMX/cmex/m/n on input line 68.
LaTeX Font Info:    ... okay on input line 68.
LaTeX Font Info:    Checking defaults for U/cmr/m/n on input line 68.
LaTeX Font Info:    ... okay on input line 68.
LaTeX Font Info:    Checking defaults for PD1/pdf/m/n on input line 68.
LaTeX Font Info:    ... okay on input line 68.
LaTeX Font Info:    Try loading font information for T1+ptm on input line 68.
("C:\Program Files\MiKTeX 2.9\tex\latex\psnfss\t1ptm.fd"
File: t1ptm.fd 2001/06/04 font definitions for T1/ptm.
)
Now handling font encoding TS1 ...
... processing UTF-8 mapping file for font encoding TS1

("C:\Program Files\MiKTeX 2.9\tex\latex\base\ts1enc.dfu"
File: ts1enc.dfu 2016/02/28 v1.1s UTF-8 support for inputenc
   defining Unicode char U+00A2 (decimal 162)
   defining Unicode char U+00A3 (decimal 163)
   defining Unicode char U+00A4 (decimal 164)
   defining Unicode char U+00A5 (decimal 165)
   defining Unicode char U+00A6 (decimal 166)
   defining Unicode char U+00A7 (decimal 167)
   defining Unicode char U+00A8 (decimal 168)
   defining Unicode char U+00A9 (decimal 169)
   defining Unicode char U+00AA (decimal 170)
   defining Unicode char U+00AC (decimal 172)
   defining Unicode char U+00AE (decimal 174)
   defining Unicode char U+00AF (decimal 175)
   defining Unicode char U+00B0 (decimal 176)
   defining Unicode char U+00B1 (decimal 177)
   defining Unicode char U+00B2 (decimal 178)
   defining Unicode char U+00B3 (decimal 179)
   defining Unicode char U+00B4 (decimal 180)
   defining Unicode char U+00B5 (decimal 181)
   defining Unicode char U+00B6 (decimal 182)
   defining Unicode char U+00B7 (decimal 183)
   defining Unicode char U+00B9 (decimal 185)
   defining Unicode char U+00BA (decimal 186)
   defining Unicode char U+00BC (decimal 188)
   defining Unicode char U+00BD (decimal 189)
   defining Unicode char U+00BE (decimal 190)
   defining Unicode char U+00D7 (decimal 215)
   defining Unicode char U+00F7 (decimal 247)
   defining Unicode char U+0192 (decimal 402)
   defining Unicode char U+02C7 (decimal 711)
   defining Unicode char U+02D8 (decimal 728)
   defining Unicode char U+02DD (decimal 733)
   defining Unicode char U+0E3F (decimal 3647)
   defining Unicode char U+2016 (decimal 8214)
   defining Unicode char U+2020 (decimal 8224)
   defining Unicode char U+2021 (decimal 8225)
   defining Unicode char U+2022 (decimal 8226)
   defining Unicode char U+2030 (decimal 8240)
   defining Unicode char U+2031 (decimal 8241)
   defining Unicode char U+203B (decimal 8251)
   defining Unicode char U+203D (decimal 8253)
   defining Unicode char U+2044 (decimal 8260)
   defining Unicode char U+204E (decimal 8270)
   defining Unicode char U+2052 (decimal 8274)
   defining Unicode char U+20A1 (decimal 8353)
   defining Unicode char U+20A4 (decimal 8356)
   defining Unicode char U+20A6 (decimal 8358)
   defining Unicode char U+20A9 (decimal 8361)
   defining Unicode char U+20AB (decimal 8363)
   defining Unicode char U+20AC (decimal 8364)
   defining Unicode char U+20B1 (decimal 8369)
   defining Unicode char U+2103 (decimal 8451)
   defining Unicode char U+2116 (decimal 8470)
   defining Unicode char U+2117 (decimal 8471)
   defining Unicode char U+211E (decimal 8478)
   defining Unicode char U+2120 (decimal 8480)
   defining Unicode char U+2122 (decimal 8482)
   defining Unicode char U+2126 (decimal 8486)
   defining Unicode char U+2127 (decimal 8487)
   defining Unicode char U+212E (decimal 8494)
   defining Unicode char U+2190 (decimal 8592)
   defining Unicode char U+2191 (decimal 8593)
   defining Unicode char U+2192 (decimal 8594)
   defining Unicode char U+2193 (decimal 8595)
   defining Unicode char U+2329 (decimal 9001)
   defining Unicode char U+232A (decimal 9002)
   defining Unicode char U+2422 (decimal 9250)
   defining Unicode char U+25E6 (decimal 9702)
   defining Unicode char U+25EF (decimal 9711)
   defining Unicode char U+266A (decimal 9834)
)
("C:\Program Files\MiKTeX 2.9\tex\latex\translator\translator-basic-dictionary-
English.dict"
Dictionary: translator-basic-dictionary, Language: English 
)
("C:\Program Files\MiKTeX 2.9\tex\latex\siunitx\siunitx-abbreviations.cfg"
File: siunitx-abbreviations.cfg 2017/11/26 v2.7k siunitx: Abbreviated units
)
("C:\Program Files\MiKTeX 2.9\tex\context\base\supp-pdf.mkii"
[Loading MPS to PDF converter (version 2006.09.02).]
\scratchcounter=\count324
\scratchdimen=\dimen259
\scratchbox=\box60
\nofMPsegments=\count325
\nofMParguments=\count326
\everyMPshowfont=\toks31
\MPscratchCnt=\count327
\MPscratchDim=\dimen260
\MPnumerator=\count328
\makeMPintoPDFobject=\count329
\everyMPtoPDFconversion=\toks32
) ("C:\Program Files\MiKTeX 2.9\tex\latex\oberdiek\epstopdf-base.sty"
Package: epstopdf-base 2016/05/15 v2.6 Base part for package epstopdf

("C:\Program Files\MiKTeX 2.9\tex\latex\oberdiek\grfext.sty"
Package: grfext 2016/05/16 v1.2 Manage graphics extensions (HO)
)
Package epstopdf-base Info: Redefining graphics rule for `.eps' on input line 4
38.
Package grfext Info: Graphics extension search list:
(grfext)             [.png,.pdf,.jpg,.mps,.jpeg,.jbig2,.jb2,.PNG,.PDF,.JPG,.JPE
G,.JBIG2,.JB2,.eps]
(grfext)             \AppendGraphicsExtensions on input line 456.
)
LaTeX Info: Redefining \microtypecontext on input line 68.
Package microtype Info: Generating PDF output.
Package microtype Info: Character protrusion enabled (level 2).
Package microtype Info: Using default protrusion set `alltext'.
Package microtype Info: Automatic font expansion enabled (level 2),
(microtype)             stretch: 20, shrink: 20, step: 1, non-selected.
Package microtype Info: Using default expansion set `basictext'.
Package microtype Info: No adjustment of tracking.
Package microtype Info: No adjustment of interword spacing.
Package microtype Info: No adjustment of character kerning.

("C:\Program Files\MiKTeX 2.9\tex\latex\microtype\mt-ptm.cfg"
File: mt-ptm.cfg 2006/04/20 v1.7 microtype config. file: Times (RS)
)
*geometry* driver: auto-detecting
*geometry* detected driver: pdftex
*geometry* verbose mode - [ preamble ] result:
* driver: pdftex
* paper: letterpaper
* layout: <same size as paper>
* layoutoffset:(h,v)=(0.0pt,0.0pt)
* modes: 
* h-part:(L,W,R)=(72.26999pt, 469.75502pt, 72.26999pt)
* v-part:(T,H,B)=(72.26999pt, 650.43001pt, 72.26999pt)
* \paperwidth=614.295pt
* \paperheight=794.96999pt
* \textwidth=469.75502pt
* \textheight=650.43001pt
* \oddsidemargin=0.0pt
* \evensidemargin=0.0pt
* \topmargin=-37.0pt
* \headheight=12.0pt
* \headsep=25.0pt
* \topskip=11.0pt
* \footskip=30.0pt
* \marginparwidth=59.0pt
* \marginparsep=10.0pt
* \columnsep=10.0pt
* \skip\footins=10.0pt plus 4.0pt minus 2.0pt
* \hoffset=0.0pt
* \voffset=0.0pt
* \mag=1000
* \@twocolumnfalse
* \@twosidefalse
* \@mparswitchfalse
* \@reversemarginfalse
* (1in=72.27pt=25.4mm, 1cm=28.453pt)


bibgerm.sty: babel.sty detected

\AtBeginShipoutBox=\box61
Package hyperref Info: Link coloring ON on input line 68.
("C:\Program Files\MiKTeX 2.9\tex\latex\hyperref\nameref.sty"
Package: nameref 2016/05/21 v2.44 Cross-referencing by name of section

("C:\Program Files\MiKTeX 2.9\tex\generic\oberdiek\gettitlestring.sty"
Package: gettitlestring 2016/05/16 v1.5 Cleanup title references (HO)
)
\c@section@level=\count330
)
LaTeX Info: Redefining \ref on input line 68.
LaTeX Info: Redefining \pageref on input line 68.
LaTeX Info: Redefining \nameref on input line 68.

(Dokumentation.out) (Dokumentation.out)
\@outlinefile=\write3
\openout3 = `Dokumentation.out'.

\c__siunitx_mathsf_int=\count331
LaTeX Font Info:    Try loading font information for OT1+ztmcm on input line 68
.

("C:\Program Files\MiKTeX 2.9\tex\latex\psnfss\ot1ztmcm.fd"
File: ot1ztmcm.fd 2000/01/03 Fontinst v1.801 font definitions for OT1/ztmcm.
)
Package microtype Info: Loading generic settings for font family
(microtype)             `ztmcm' (encoding: OT1).
(microtype)             For optimal results, create family-specific settings.
(microtype)             See the microtype manual for details.
LaTeX Font Info:    Try loading font information for OML+ztmcm on input line 68
.

("C:\Program Files\MiKTeX 2.9\tex\latex\psnfss\omlztmcm.fd"
File: omlztmcm.fd 2000/01/03 Fontinst v1.801 font definitions for OML/ztmcm.
)
LaTeX Font Info:    Try loading font information for OMS+ztmcm on input line 68
.

("C:\Program Files\MiKTeX 2.9\tex\latex\psnfss\omsztmcm.fd"
File: omsztmcm.fd 2000/01/03 Fontinst v1.801 font definitions for OMS/ztmcm.
)
LaTeX Font Info:    Try loading font information for OMX+ztmcm on input line 68
.

("C:\Program Files\MiKTeX 2.9\tex\latex\psnfss\omxztmcm.fd"
File: omxztmcm.fd 2000/01/03 Fontinst v1.801 font definitions for OMX/ztmcm.
)
LaTeX Font Info:    Try loading font information for OT1+ptm on input line 68.

("C:\Program Files\MiKTeX 2.9\tex\latex\psnfss\ot1ptm.fd"
File: ot1ptm.fd 2001/06/04 font definitions for OT1/ptm.
)
LaTeX Font Info:    Font shape `OT1/ptm/bx/n' in size <10.95> not available
(Font)              Font shape `OT1/ptm/b/n' tried instead on input line 68.
LaTeX Font Info:    Font shape `OT1/ptm/bx/n' in size <8> not available
(Font)              Font shape `OT1/ptm/b/n' tried instead on input line 68.
LaTeX Font Info:    Font shape `OT1/ptm/bx/n' in size <6> not available
(Font)              Font shape `OT1/ptm/b/n' tried instead on input line 68.

("C:\Program Files\MiKTeX 2.9\tex\latex\microtype\mt-msa.cfg"
File: mt-msa.cfg 2006/02/04 v1.1 microtype config. file: AMS symbols (a) (RS)
)
("C:\Program Files\MiKTeX 2.9\tex\latex\microtype\mt-msb.cfg"
File: mt-msb.cfg 2005/06/01 v1.0 microtype config. file: AMS symbols (b) (RS)
)
Package microtype Info: Loading generic settings for font family
(microtype)             `cmss' (encoding: OT1).
(microtype)             For optimal results, create family-specific settings.
(microtype)             See the microtype manual for details.
\c__siunitx_mathtt_int=\count332
Package microtype Info: Loading generic settings for font family
(microtype)             `cmtt' (encoding: OT1).
(microtype)             For optimal results, create family-specific settings.
(microtype)             See the microtype manual for details.

<TH-Ingolstadt.PNG, id=91, 963.6pt x 414.79968pt>
File: TH-Ingolstadt.PNG Graphic file (type png)
 <use TH-Ingolstadt.PNG>
Package pdftex.def Info: TH-Ingolstadt.PNG used on input line 75.
(pdftex.def)             Requested size: 198.28914pt x 85.35826pt.
LaTeX Font Info:    Font shape `OT1/ptm/bx/n' in size <12> not available
(Font)              Font shape `OT1/ptm/b/n' tried instead on input line 84.
LaTeX Font Info:    Font shape `OT1/ptm/bx/n' in size <9> not available
(Font)              Font shape `OT1/ptm/b/n' tried instead on input line 84.
LaTeX Font Info:    Font shape `OT1/ptm/bx/n' in size <7> not available
(Font)              Font shape `OT1/ptm/b/n' tried instead on input line 84.

Overfull \hbox (11.36938pt too wide) in paragraph at lines 84--91
 [][] 
 []

Package babel Info: Redefining german shorthand "f
(babel)             in language  on input line 94.
Package babel Info: Redefining german shorthand "|
(babel)             in language  on input line 94.
Package babel Info: Redefining german shorthand "~
(babel)             in language  on input line 94.
Package babel Info: Redefining german shorthand "f
(babel)             in language  on input line 94.
Package babel Info: Redefining german shorthand "|
(babel)             in language  on input line 94.
Package babel Info: Redefining german shorthand "~
(babel)             in language  on input line 94.
[1

{C:/ProgramData/MiKTeX/2.9/pdftex/config/pdftex.map} <./TH-Ingolstadt.PNG>]
Package babel Info: Redefining german shorthand "f
(babel)             in language  on input line 102.
Package babel Info: Redefining german shorthand "|
(babel)             in language  on input line 102.
Package babel Info: Redefining german shorthand "~
(babel)             in language  on input line 102.
Package babel Info: Redefining german shorthand "f
(babel)             in language  on input line 102.
Package babel Info: Redefining german shorthand "|
(babel)             in language  on input line 102.
Package babel Info: Redefining german shorthand "~
(babel)             in language  on input line 102.

[2]
LaTeX Font Info:    Font shape `T1/ptm/bx/n' in size <17.28> not available
(Font)              Font shape `T1/ptm/b/n' tried instead on input line 103.
 (Dokumentation.toc
LaTeX Font Info:    Font shape `T1/ptm/bx/n' in size <14.4> not available
(Font)              Font shape `T1/ptm/b/n' tried instead on input line 3.
LaTeX Font Info:    Font shape `OT1/ptm/bx/n' in size <14.4> not available
(Font)              Font shape `OT1/ptm/b/n' tried instead on input line 5.
)
\tf@toc=\write4
\openout4 = `Dokumentation.toc'.

Package babel Info: Redefining german shorthand "f
(babel)             in language  on input line 105.
Package babel Info: Redefining german shorthand "|
(babel)             in language  on input line 105.
Package babel Info: Redefining german shorthand "~
(babel)             in language  on input line 105.
Package babel Info: Redefining german shorthand "f
(babel)             in language  on input line 105.
Package babel Info: Redefining german shorthand "|
(babel)             in language  on input line 105.
Package babel Info: Redefining german shorthand "~
(babel)             in language  on input line 105.
 [3]
Package babel Info: Redefining german shorthand "f
(babel)             in language  on input line 108.
Package babel Info: Redefining german shorthand "|
(babel)             in language  on input line 108.
Package babel Info: Redefining german shorthand "~
(babel)             in language  on input line 108.
Package babel Info: Redefining german shorthand "f
(babel)             in language  on input line 112.
Package babel Info: Redefining german shorthand "|
(babel)             in language  on input line 112.
Package babel Info: Redefining german shorthand "~
(babel)             in language  on input line 112.
Package babel Info: Redefining german shorthand "f
(babel)             in language  on input line 117.
Package babel Info: Redefining german shorthand "|
(babel)             in language  on input line 117.
Package babel Info: Redefining german shorthand "~
(babel)             in language  on input line 117.
 <w3_kit_med.jpg, id=130, 2007.5pt x 1061.9675pt>
File: w3_kit_med.jpg Graphic file (type jpg)

<use w3_kit_med.jpg>
Package pdftex.def Info: w3_kit_med.jpg used on input line 120.
(pdftex.def)             Requested size: 455.22131pt x 227.62178pt.
Package babel Info: Redefining german shorthand "f
(babel)             in language  on input line 125.
Package babel Info: Redefining german shorthand "|
(babel)             in language  on input line 125.
Package babel Info: Redefining german shorthand "~
(babel)             in language  on input line 125.
Package babel Info: Redefining german shorthand "f
(babel)             in language  on input line 125.
Package babel Info: Redefining german shorthand "|
(babel)             in language  on input line 125.
Package babel Info: Redefining german shorthand "~
(babel)             in language  on input line 125.
pdfTeX warning (ext4): destination with the same identifier (name{page.1}) has 
been already used, duplicate ignored
<to be read again> 
                   \relax 
l.125 \noindent
                Das Mango v3 Kit ist die bisher neueste Hardware Version f...
[1]
Package babel Info: Redefining german shorthand "f
(babel)             in language  on input line 126.
Package babel Info: Redefining german shorthand "|
(babel)             in language  on input line 126.
Package babel Info: Redefining german shorthand "~
(babel)             in language  on input line 126.
 <RF-inteface.PNG, id=135, 665.78737pt x 222.23026pt>
File: RF-inteface.PNG Graphic file (type png)
 <use RF-inteface.PNG>
Package pdftex.def Info: RF-inteface.PNG used on input line 130.
(pdftex.def)             Requested size: 455.23872pt x 170.72446pt.
Package babel Info: Redefining german shorthand "f
(babel)             in language  on input line 135.
Package babel Info: Redefining german shorthand "|
(babel)             in language  on input line 135.
Package babel Info: Redefining german shorthand "~
(babel)             in language  on input line 135.
Package babel Info: Redefining german shorthand "f
(babel)             in language  on input line 135.
Package babel Info: Redefining german shorthand "|
(babel)             in language  on input line 135.
Package babel Info: Redefining german shorthand "~
(babel)             in language  on input line 135.
pdfTeX warning (ext4): destination with the same identifier (name{page.2}) has 
been already used, duplicate ignored
<to be read again> 
                   \relax 
l.135 \noindent
                Die RF Interfaces verfgen jeweils ber einen 12 Bit Digit...
[2 <./w3_kit_med.jpg>] <Unbenannt.jpg, id=144, 740.0147pt x 261.97874pt>
File: Unbenannt.jpg Graphic file (type jpg)

<use Unbenannt.jpg>
Package pdftex.def Info: Unbenannt.jpg used on input line 141.
(pdftex.def)             Requested size: 455.24748pt x 170.71988pt.

Underfull \hbox (badness 10000) in paragraph at lines 135--145

 []

Package babel Info: Redefining german shorthand "f
(babel)             in language  on input line 145.
Package babel Info: Redefining german shorthand "|
(babel)             in language  on input line 145.
Package babel Info: Redefining german shorthand "~
(babel)             in language  on input line 145.
Package babel Info: Redefining german shorthand "f
(babel)             in language  on input line 145.
Package babel Info: Redefining german shorthand "|
(babel)             in language  on input line 145.
Package babel Info: Redefining german shorthand "~
(babel)             in language  on input line 145.
pdfTeX warning (ext4): destination with the same identifier (name{page.3}) has 
been already used, duplicate ignored
<to be read again> 
                   \relax 
l.145 \end{figure}
                   [3 <./RF-inteface.PNG>]
LaTeX Font Info:    Font shape `T1/ptm/bx/n' in size <10> not available
(Font)              Font shape `T1/ptm/b/n' tried instead on input line 153.
LaTeX Font Info:    Font shape `T1/ptm/bx/n' in size <10.95> not available
(Font)              Font shape `T1/ptm/b/n' tried instead on input line 153.

Underfull \hbox (badness 10000) in paragraph at lines 163--168

 []

Package babel Info: Redefining german shorthand "f
(babel)             in language  on input line 168.
Package babel Info: Redefining german shorthand "|
(babel)             in language  on input line 168.
Package babel Info: Redefining german shorthand "~
(babel)             in language  on input line 168.
Package babel Info: Redefining german shorthand "f
(babel)             in language  on input line 168.
Package babel Info: Redefining german shorthand "|
(babel)             in language  on input line 168.
Package babel Info: Redefining german shorthand "~
(babel)             in language  on input line 168.
[4 <./Unbenannt.jpg>]
Package babel Info: Redefining german shorthand "f
(babel)             in language  on input line 169.
Package babel Info: Redefining german shorthand "|
(babel)             in language  on input line 169.
Package babel Info: Redefining german shorthand "~
(babel)             in language  on input line 169.

<Archreferencedesign.png, id=161, 381.22424pt x 197.23688pt>
File: Archreferencedesign.png Graphic file (type png)

<use Archreferencedesign.png>
Package pdftex.def Info: Archreferencedesign.png used on input line 176.
(pdftex.def)             Requested size: 455.2447pt x 284.55054pt.
Package babel Info: Redefining german shorthand "f
(babel)             in language  on input line 181.
Package babel Info: Redefining german shorthand "|
(babel)             in language  on input line 181.
Package babel Info: Redefining german shorthand "~
(babel)             in language  on input line 181.
Package babel Info: Redefining german shorthand "f
(babel)             in language  on input line 181.
Package babel Info: Redefining german shorthand "|
(babel)             in language  on input line 181.
Package babel Info: Redefining german shorthand "~
(babel)             in language  on input line 181.
 [5]
Package babel Info: Redefining german shorthand "f
(babel)             in language  on input line 186.
Package babel Info: Redefining german shorthand "|
(babel)             in language  on input line 186.
Package babel Info: Redefining german shorthand "~
(babel)             in language  on input line 186.
Package babel Info: Redefining german shorthand "f
(babel)             in language  on input line 186.
Package babel Info: Redefining german shorthand "|
(babel)             in language  on input line 186.
Package babel Info: Redefining german shorthand "~
(babel)             in language  on input line 186.
 [6 <./Archreferencedesign.png>]
Package babel Info: Redefining german shorthand "f
(babel)             in language  on input line 186.
Package babel Info: Redefining german shorthand "|
(babel)             in language  on input line 186.
Package babel Info: Redefining german shorthand "~
(babel)             in language  on input line 186.
Package babel Info: Redefining german shorthand "f
(babel)             in language  on input line 191.
Package babel Info: Redefining german shorthand "|
(babel)             in language  on input line 191.
Package babel Info: Redefining german shorthand "~
(babel)             in language  on input line 191.
Package babel Info: Redefining german shorthand "f
(babel)             in language  on input line 211.
Package babel Info: Redefining german shorthand "|
(babel)             in language  on input line 211.
Package babel Info: Redefining german shorthand "~
(babel)             in language  on input line 211.
Package babel Info: Redefining german shorthand "f
(babel)             in language  on input line 211.
Package babel Info: Redefining german shorthand "|
(babel)             in language  on input line 211.
Package babel Info: Redefining german shorthand "~
(babel)             in language  on input line 211.
 [7]
Package babel Info: Redefining german shorthand "f
(babel)             in language  on input line 213.
Package babel Info: Redefining german shorthand "|
(babel)             in language  on input line 213.
Package babel Info: Redefining german shorthand "~
(babel)             in language  on input line 213.

Overfull \hbox (10.53677pt too wide) in paragraph at lines 214--215
\T1/ptm/m/n/14.4 trol-le er-folgt durch Car-ri-er Sen-se Mu-ti-ple Ac-cess / Co
l-li-si-on Avoi-dence(CSMA/CA).
 []

Package babel Info: Redefining german shorthand "f
(babel)             in language  on input line 219.
Package babel Info: Redefining german shorthand "|
(babel)             in language  on input line 219.
Package babel Info: Redefining german shorthand "~
(babel)             in language  on input line 219.
Package babel Info: Redefining german shorthand "f
(babel)             in language  on input line 219.
Package babel Info: Redefining german shorthand "|
(babel)             in language  on input line 219.
Package babel Info: Redefining german shorthand "~
(babel)             in language  on input line 219.
[8]
Package babel Info: Redefining german shorthand "f
(babel)             in language  on input line 220.
Package babel Info: Redefining german shorthand "|
(babel)             in language  on input line 220.
Package babel Info: Redefining german shorthand "~
(babel)             in language  on input line 220.

Overfull \hbox (7.67258pt too wide) in paragraph at lines 221--230
\T1/ptm/m/n/14.4 ei-ner-seits die Er-wei-te-rung des 802.11-Reference-Designs a
uf den 802.11p-Standard
 []

Package babel Info: Redefining german shorthand "f
(babel)             in language  on input line 232.
Package babel Info: Redefining german shorthand "|
(babel)             in language  on input line 232.
Package babel Info: Redefining german shorthand "~
(babel)             in language  on input line 232.
LaTeX Font Info:    Font shape `T1/ptm/bx/n' in size <12> not available
(Font)              Font shape `T1/ptm/b/n' tried instead on input line 242.
Package babel Info: Redefining german shorthand "f
(babel)             in language  on input line 242.
Package babel Info: Redefining german shorthand "|
(babel)             in language  on input line 242.
Package babel Info: Redefining german shorthand "~
(babel)             in language  on input line 242.

Overfull \hbox (10.41348pt too wide) in paragraph at lines 256--258
[]|\T1/ptm/m/n/14.4 Channel 
 []


Overfull \hbox (10.41348pt too wide) in paragraph at lines 270--272
[]|\T1/ptm/m/n/14.4 Channel 
 []


Overfull \hbox (9.1859pt too wide) in paragraph at lines 366--368
[]|\T1/ptm/m/n/14.4 verschiedene|  
 []

Package babel Info: Redefining german shorthand "f
(babel)             in language  on input line 372.
Package babel Info: Redefining german shorthand "|
(babel)             in language  on input line 372.
Package babel Info: Redefining german shorthand "~
(babel)             in language  on input line 372.
Package babel Info: Redefining german shorthand "f
(babel)             in language  on input line 372.
Package babel Info: Redefining german shorthand "|
(babel)             in language  on input line 372.
Package babel Info: Redefining german shorthand "~
(babel)             in language  on input line 372.
[9]
LaTeX Font Info:    Try loading font information for T1+cmtt on input line 392.

 ("C:\Program Files\MiKTeX 2.9\tex\latex\base\t1cmtt.fd"
File: t1cmtt.fd 2014/09/29 v2.5h Standard LaTeX font definitions
)
Package microtype Info: Loading generic settings for font family
(microtype)             `cmtt' (encoding: T1).
(microtype)             For optimal results, create family-specific settings.
(microtype)             See the microtype manual for details.

Overfull \hbox (14.80814pt too wide) in paragraph at lines 374--403
\T1/cmtt/m/n/14.4 rc_tuningParams_5GHz_reg3 \T1/ptm/m/n/14.4 und \T1/cmtt/m/n/1
4.4 rc_tuningParams_5GHz_reg4 \T1/ptm/m/n/14.4 not-wen-dig sind,
 []

Package babel Info: Redefining german shorthand "f
(babel)             in language  on input line 403.
Package babel Info: Redefining german shorthand "|
(babel)             in language  on input line 403.
Package babel Info: Redefining german shorthand "~
(babel)             in language  on input line 403.
Package babel Info: Redefining german shorthand "f
(babel)             in language  on input line 403.
Package babel Info: Redefining german shorthand "|
(babel)             in language  on input line 403.
Package babel Info: Redefining german shorthand "~
(babel)             in language  on input line 403.
[10]
Package babel Info: Redefining german shorthand "f
(babel)             in language  on input line 404.
Package babel Info: Redefining german shorthand "|
(babel)             in language  on input line 404.
Package babel Info: Redefining german shorthand "~
(babel)             in language  on input line 404.
Package babel Info: Redefining german shorthand "f
(babel)             in language  on input line 419.
Package babel Info: Redefining german shorthand "|
(babel)             in language  on input line 419.
Package babel Info: Redefining german shorthand "~
(babel)             in language  on input line 419.
 <80211a.jpg, id=202, 441.90094pt x 338.01282pt>
File: 80211a.jpg Graphic file (type jpg)
 <use 80211a.jpg>
Package pdftex.def Info: 80211a.jpg used on input line 423.
(pdftex.def)             Requested size: 455.26419pt x 284.53741pt.
Package babel Info: Redefining german shorthand "f
(babel)             in language  on input line 427.
Package babel Info: Redefining german shorthand "|
(babel)             in language  on input line 427.
Package babel Info: Redefining german shorthand "~
(babel)             in language  on input line 427.
Package babel Info: Redefining german shorthand "f
(babel)             in language  on input line 427.
Package babel Info: Redefining german shorthand "|
(babel)             in language  on input line 427.
Package babel Info: Redefining german shorthand "~
(babel)             in language  on input line 427.
 [11]
<80211p.jpg, id=208, 452.4403pt x 379.4175pt>
File: 80211p.jpg Graphic file (type jpg)
 <use 80211p.jpg>
Package pdftex.def Info: 80211p.jpg used on input line 431.
(pdftex.def)             Requested size: 455.2421pt x 284.53346pt.
Package babel Info: Redefining german shorthand "f
(babel)             in language  on input line 436.
Package babel Info: Redefining german shorthand "|
(babel)             in language  on input line 436.
Package babel Info: Redefining german shorthand "~
(babel)             in language  on input line 436.
Package babel Info: Redefining german shorthand "f
(babel)             in language  on input line 436.
Package babel Info: Redefining german shorthand "|
(babel)             in language  on input line 436.
Package babel Info: Redefining german shorthand "~
(babel)             in language  on input line 436.
 [12 <./80211a.jpg>]
Package babel Info: Redefining german shorthand "f
(babel)             in language  on input line 438.
Package babel Info: Redefining german shorthand "|
(babel)             in language  on input line 438.
Package babel Info: Redefining german shorthand "~
(babel)             in language  on input line 438.
Package babel Info: Redefining german shorthand "f
(babel)             in language  on input line 453.
Package babel Info: Redefining german shorthand "|
(babel)             in language  on input line 453.
Package babel Info: Redefining german shorthand "~
(babel)             in language  on input line 453.
Package babel Info: Redefining german shorthand "f
(babel)             in language  on input line 461.
Package babel Info: Redefining german shorthand "|
(babel)             in language  on input line 461.
Package babel Info: Redefining german shorthand "~
(babel)             in language  on input line 461.
Package babel Info: Redefining german shorthand "f
(babel)             in language  on input line 461.
Package babel Info: Redefining german shorthand "|
(babel)             in language  on input line 461.
Package babel Info: Redefining german shorthand "~
(babel)             in language  on input line 461.
 [13 <./80211p.jpg>]
Package babel Info: Redefining german shorthand "f
(babel)             in language  on input line 462.
Package babel Info: Redefining german shorthand "|
(babel)             in language  on input line 462.
Package babel Info: Redefining german shorthand "~
(babel)             in language  on input line 462.

Overfull \hbox (9.80919pt too wide) in paragraph at lines 464--517
\T1/ptm/m/n/14.4 den. Dies ist dem Um-stand ge-schul-det, dass 802.11-Frames ke
i-ne gl-ti-gen Ethernet(-
 []

Package babel Info: Redefining german shorthand "f
(babel)             in language  on input line 517.
Package babel Info: Redefining german shorthand "|
(babel)             in language  on input line 517.
Package babel Info: Redefining german shorthand "~
(babel)             in language  on input line 517.
Package babel Info: Redefining german shorthand "f
(babel)             in language  on input line 517.
Package babel Info: Redefining german shorthand "|
(babel)             in language  on input line 517.
Package babel Info: Redefining german shorthand "~
(babel)             in language  on input line 517.
[14] <rftap.png, id=225, 1302.36563pt x 730.98094pt>
File: rftap.png Graphic file (type png)
 <use rftap.png>
Package pdftex.def Info: rftap.png used on input line 521.
(pdftex.def)             Requested size: 455.23863pt x 284.52373pt.
Package babel Info: Redefining german shorthand "f
(babel)             in language  on input line 526.
Package babel Info: Redefining german shorthand "|
(babel)             in language  on input line 526.
Package babel Info: Redefining german shorthand "~
(babel)             in language  on input line 526.
Package babel Info: Redefining german shorthand "f
(babel)             in language  on input line 539.
Package babel Info: Redefining german shorthand "|
(babel)             in language  on input line 539.
Package babel Info: Redefining german shorthand "~
(babel)             in language  on input line 539.
Package babel Info: Redefining german shorthand "f
(babel)             in language  on input line 539.
Package babel Info: Redefining german shorthand "|
(babel)             in language  on input line 539.
Package babel Info: Redefining german shorthand "~
(babel)             in language  on input line 539.
 [15]
Package babel Info: Redefining german shorthand "f
(babel)             in language  on input line 539.
Package babel Info: Redefining german shorthand "|
(babel)             in language  on input line 539.
Package babel Info: Redefining german shorthand "~
(babel)             in language  on input line 539.

Overfull \hbox (13.25005pt too wide) in paragraph at lines 541--576
\T1/ptm/m/n/14.4 LAN-Interface ber-tra-gen wird und um-ge-kehrt. Bei-spiels-we
i-se ist es zur Ver-packung
 []


Overfull \hbox (22.81128pt too wide) in paragraph at lines 541--576
\T1/ptm/m/n/14.4 Funktionen im-ple-men-tiert. Dies be-deu-tet, dass die ein-zel
-nen Be-stand-tei-le des Ethernet-
 []


Overfull \hbox (46.5451pt too wide) in paragraph at lines 541--576
\T1/ptm/m/n/14.4 an-schlie-end der Da-ten-teil an das En-de der Hea-der ko-pie
rt (Funk-ti-on \T1/cmtt/m/n/14.4 mpdu_rx_process()
 []

Package babel Info: Redefining german shorthand "f
(babel)             in language  on input line 576.
Package babel Info: Redefining german shorthand "|
(babel)             in language  on input line 576.
Package babel Info: Redefining german shorthand "~
(babel)             in language  on input line 576.
Package babel Info: Redefining german shorthand "f
(babel)             in language  on input line 576.
Package babel Info: Redefining german shorthand "|
(babel)             in language  on input line 576.
Package babel Info: Redefining german shorthand "~
(babel)             in language  on input line 576.
[16 <./rftap.png>]
<ds759_axi_ethernet_075.png, id=237, 434.8245pt x 444.4605pt>
File: ds759_axi_ethernet_075.png Graphic file (type png)

<use ds759_axi_ethernet_075.png>
Package pdftex.def Info: ds759_axi_ethernet_075.png used on input line 579.
(pdftex.def)             Requested size: 455.2522pt x 625.99086pt.


LaTeX Warning: Float too large for page by 1.53143pt on input line 581.


Overfull \hbox (0.59143pt too wide) in paragraph at lines 583--592
\T1/ptm/m/n/14.4 se-quen-ti-ell im Spei-cher lie-gen. b-li-cher-wei-se im-ple-
men-tiert man da-zu ei-ne Single-
 []

Package babel Info: Redefining german shorthand "f
(babel)             in language  on input line 594.
Package babel Info: Redefining german shorthand "|
(babel)             in language  on input line 594.
Package babel Info: Redefining german shorthand "~
(babel)             in language  on input line 594.

Overfull \hbox (18.54742pt too wide) in paragraph at lines 596--618
\T1/cmtt/m/n/14.4 mpdu_rx_process() \T1/ptm/m/n/14.4 in der Da-tei \T1/cmtt/m/n
/14.4 wlan_mac_high_sniffer/wlan_mac_sniffer.c
 []

Package babel Info: Redefining german shorthand "f
(babel)             in language  on input line 618.
Package babel Info: Redefining german shorthand "|
(babel)             in language  on input line 618.
Package babel Info: Redefining german shorthand "~
(babel)             in language  on input line 618.
Package babel Info: Redefining german shorthand "f
(babel)             in language  on input line 618.
Package babel Info: Redefining german shorthand "|
(babel)             in language  on input line 618.
Package babel Info: Redefining german shorthand "~
(babel)             in language  on input line 618.
[17]
Package babel Info: Redefining german shorthand "f
(babel)             in language  on input line 618.
Package babel Info: Redefining german shorthand "|
(babel)             in language  on input line 618.
Package babel Info: Redefining german shorthand "~
(babel)             in language  on input line 618.
Package babel Info: Redefining german shorthand "f
(babel)             in language  on input line 618.
Package babel Info: Redefining german shorthand "|
(babel)             in language  on input line 618.
Package babel Info: Redefining german shorthand "~
(babel)             in language  on input line 618.
 [18 <./ds759_axi_ethernet_075.png>]
Package babel Info: Redefining german shorthand "f
(babel)             in language  on input line 619.
Package babel Info: Redefining german shorthand "|
(babel)             in language  on input line 619.
Package babel Info: Redefining german shorthand "~
(babel)             in language  on input line 619.
Package babel Info: Redefining german shorthand "f
(babel)             in language  on input line 641.
Package babel Info: Redefining german shorthand "|
(babel)             in language  on input line 641.
Package babel Info: Redefining german shorthand "~
(babel)             in language  on input line 641.
Package babel Info: Redefining german shorthand "f
(babel)             in language  on input line 641.
Package babel Info: Redefining german shorthand "|
(babel)             in language  on input line 641.
Package babel Info: Redefining german shorthand "~
(babel)             in language  on input line 641.
 [19]
Package babel Info: Redefining german shorthand "f
(babel)             in language  on input line 641.
Package babel Info: Redefining german shorthand "|
(babel)             in language  on input line 641.
Package babel Info: Redefining german shorthand "~
(babel)             in language  on input line 641.
Package babel Info: Redefining german shorthand "f
(babel)             in language  on input line 668.
Package babel Info: Redefining german shorthand "|
(babel)             in language  on input line 668.
Package babel Info: Redefining german shorthand "~
(babel)             in language  on input line 668.
Package babel Info: Redefining german shorthand "f
(babel)             in language  on input line 700.
Package babel Info: Redefining german shorthand "|
(babel)             in language  on input line 700.
Package babel Info: Redefining german shorthand "~
(babel)             in language  on input line 700.
Package babel Info: Redefining german shorthand "f
(babel)             in language  on input line 700.
Package babel Info: Redefining german shorthand "|
(babel)             in language  on input line 700.
Package babel Info: Redefining german shorthand "~
(babel)             in language  on input line 700.
 [20]
Package babel Info: Redefining german shorthand "f
(babel)             in language  on input line 702.
Package babel Info: Redefining german shorthand "|
(babel)             in language  on input line 702.
Package babel Info: Redefining german shorthand "~
(babel)             in language  on input line 702.
Package babel Info: Redefining german shorthand "f
(babel)             in language  on input line 702.
Package babel Info: Redefining german shorthand "|
(babel)             in language  on input line 702.
Package babel Info: Redefining german shorthand "~
(babel)             in language  on input line 702.
 [21] (Dokumentation.lof)
\tf@lof=\write5
\openout5 = `Dokumentation.lof'.


(Dokumentation.lot)
\tf@lot=\write6
\openout6 = `Dokumentation.lot'.

Package babel Info: Redefining german shorthand "f
(babel)             in language  on input line 706.
Package babel Info: Redefining german shorthand "|
(babel)             in language  on input line 706.
Package babel Info: Redefining german shorthand "~
(babel)             in language  on input line 706.
Package babel Info: Redefining german shorthand "f
(babel)             in language  on input line 706.
Package babel Info: Redefining german shorthand "|
(babel)             in language  on input line 706.
Package babel Info: Redefining german shorthand "~
(babel)             in language  on input line 706.
 [22]
No file Dokumentation.bbl.

Underfull \hbox (badness 10000) in paragraph at lines 715--716
[]\T1/ptm/m/n/14.4 http://mangocomm.com/static/img/w3/w3_ kit_
 []


Underfull \hbox (badness 4582) in paragraph at lines 715--716
\T1/ptm/m/n/14.4 med.jpg , Her-aus-ge-ber des Wissens-Portals: DA-
 []


Underfull \hbox (badness 2726) in paragraph at lines 715--716
\T1/ptm/m/n/14.4 TA-COM Buch-ver-lag GmbH, 2017 (letz-ter Auf-ruf
 []


Overfull \hbox (62.76945pt too wide) in paragraph at lines 717--718
[]\T1/ptm/m/n/14.4 https://warpproject.org/trac/wiki/HardwareUsersGuides/WARPv3
,
 []

LaTeX Font Info:    Try loading font information for OMS+ptm on input line 719.

("C:\Program Files\MiKTeX 2.9\tex\latex\psnfss\omsptm.fd"
File: omsptm.fd 
)
LaTeX Font Info:    Font shape `OMS/ptm/m/n' in size <14.4> not available
(Font)              Font shape `OMS/cmsy/m/n' tried instead on input line 719.

Overfull \hbox (119.57678pt too wide) in paragraph at lines 719--721
[]\T1/ptm/m/n/14.4 https://warpproject.org/trac/wiki/HardwareUsersGuides/WARPv3
/Clocking,
 []


Overfull \hbox (40.1613pt too wide) in paragraph at lines 722--723
[]\T1/ptm/m/n/14.4 http://warpproject.org/trac/attachment/wiki/802.11/files/wla
n_
 []


Overfull \hbox (119.57678pt too wide) in paragraph at lines 724--725
[]\T1/ptm/m/n/14.4 https://warpproject.org/trac/wiki/HardwareUsersGuides/WARPv3
/Clocking,
 []


Underfull \hbox (badness 5105) in paragraph at lines 735--738
\T1/ptm/m/n/14.4 Re-fe-rence De-sign Ex-pe-ri-ments Fra-me-work Do-cu-
 []


Underfull \hbox (badness 10000) in paragraph at lines 735--738
\T1/ptm/m/n/14.4 men-ta-ti-on``. [][]$\T1/cmtt/m/n/14.4 https : / / warpproject
 . org / docs /
 []


Underfull \hbox (badness 10000) in paragraph at lines 740--743
[]\T1/ptm/m/n/14.4 max2828/max2829 single-/dual-band 802.11a/b/g
 []


Underfull \hbox (badness 10000) in paragraph at lines 740--743
\T1/ptm/m/n/14.4 world-band tran-scei-ver``. 2004. \T1/ptm/m/it/14.4 da-tas-
 []


Underfull \hbox (badness 10000) in paragraph at lines 740--743
\T1/ptm/m/it/14.4 heets.maximintegrated.com\T1/ptm/m/n/14.4 . [][]$\T1/cmtt/m/n
/14.4 https : / / datasheets .
 []


Underfull \hbox (badness 10000) in paragraph at lines 740--743
\T1/cmtt/m/n/14.4 maximintegrated . com / en / ds / MAX2828-[]MAX2829 .
 []

Package babel Info: Redefining german shorthand "f
(babel)             in language  on input line 743.
Package babel Info: Redefining german shorthand "|
(babel)             in language  on input line 743.
Package babel Info: Redefining german shorthand "~
(babel)             in language  on input line 743.
Package babel Info: Redefining german shorthand "f
(babel)             in language  on input line 743.
Package babel Info: Redefining german shorthand "|
(babel)             in language  on input line 743.
Package babel Info: Redefining german shorthand "~
(babel)             in language  on input line 743.
[23]pdfTeX warning (ext4): destination with the same identifier (name{refs}) ha
s been already used, duplicate ignored
<to be read again> 
                   \relax 
l.756 \hypertarget{refs}{}
                          
Underfull \hbox (badness 10000) in paragraph at lines 758--760
[]\T1/ptm/m/n/14.4 logicore ip axi ether-net (v3.01a)``. 2012. \T1/ptm/m/it/14
.4 Xi-
 []


Underfull \hbox (badness 10000) in paragraph at lines 758--760
\T1/ptm/m/it/14.4 linx.com\T1/ptm/m/n/14.4 . [][]$\T1/cmtt/m/n/14.4 https : / /
 www . xilinx . com / support /
 []


Underfull \hbox (badness 10000) in paragraph at lines 758--760
\T1/cmtt/m/n/14.4 documentation / ip _ documentation / axi _
 []


Underfull \hbox (badness 10000) in paragraph at lines 762--764
[]\T1/ptm/m/n/14.4 using rftap to de-tect mac spoofing``. 2016.
 []


Underfull \hbox (badness 10000) in paragraph at lines 762--764
\T1/ptm/m/it/14.4 Rftap.github.io\T1/ptm/m/n/14.4 . [][]$\T1/cmtt/m/n/14.4 http
s : / / rftap . github . io / blog /
 []


Underfull \hbox (badness 4072) in paragraph at lines 770--772
[]\T1/ptm/m/n/14.4 xilinx wi-ki - mi-cro-bla-ze``. o. J. \T1/ptm/m/it/14.4 Wi-
ki.xilinx.com\T1/ptm/m/n/14.4 .
 []


Underfull \hbox (badness 10000) in paragraph at lines 770--772
[][]$\T1/cmtt/m/n/14.4 http : / / www . wiki . xilinx . com / MicroBlaze #
 []

Package atveryend Info: Empty hook `BeforeClearDocument' on input line 777.
Package babel Info: Redefining german shorthand "f
(babel)             in language  on input line 777.
Package babel Info: Redefining german shorthand "|
(babel)             in language  on input line 777.
Package babel Info: Redefining german shorthand "~
(babel)             in language  on input line 777.
Package babel Info: Redefining german shorthand "f
(babel)             in language  on input line 777.
Package babel Info: Redefining german shorthand "|
(babel)             in language  on input line 777.
Package babel Info: Redefining german shorthand "~
(babel)             in language  on input line 777.
[24]
Package atveryend Info: Empty hook `AfterLastShipout' on input line 777.
 (Dokumentation.aux)
Package atveryend Info: Executing hook `AtVeryEndDocument' on input line 777.
Package atveryend Info: Executing hook `AtEndAfterFileList' on input line 777.
Package rerunfilecheck Info: File `Dokumentation.out' has not changed.
(rerunfilecheck)             Checksum: 90B181FBB03584CB333175576B77D34A;1599.
Package atveryend Info: Empty hook `AtVeryVeryEnd' on input line 777.
 ) 
Here is how much of TeX's memory you used:
 21670 strings out of 493333
 397388 string characters out of 3139201
 613519 words of memory out of 3000000
 24786 multiletter control sequences out of 15000+200000
 603743 words of font info for 166 fonts, out of 3000000 for 9000
 1141 hyphenation exceptions out of 8191
 33i,12n,38p,10397b,1113s stack positions out of 5000i,500n,10000p,200000b,50000s
 <C:\Users\z\AppData\Local\MiKTeX\2.9\fonts\pk\ljfour\jknappen\ec\dpi600\ec
tt1440.pk>{C:/Program Files/MiKTeX 2.9/fonts/enc/dvips/base/8r.enc}<C:/Program 
Files/MiKTeX 2.9/fonts/type1/public/amsfonts/cm/cmex10.pfb><C:/Program Files/Mi
KTeX 2.9/fonts/type1/public/amsfonts/cm/cmr10.pfb><C:/Program Files/MiKTeX 2.9/
fonts/type1/public/amsfonts/cm/cmsy10.pfb><C:/Program Files/MiKTeX 2.9/fonts/ty
pe1/urw/symbol/usyr.pfb><C:/Program Files/MiKTeX 2.9/fonts/type1/urw/times/utmb
8a.pfb><C:/Program Files/MiKTeX 2.9/fonts/type1/urw/times/utmr8a.pfb><C:/Progra
m Files/MiKTeX 2.9/fonts/type1/urw/times/utmri8a.pfb>
Output written on Dokumentation.pdf (27 pages, 1801618 bytes).
PDF statistics:
 438 PDF objects out of 1000 (max. 8388607)
 76 named destinations out of 1000 (max. 500000)
 43230 words of extra memory for PDF output out of 51595 (max. 10000000)

