\BOOKMARK [1][-]{section.1}{Projektbeschreibung und Anmerkungen}{}% 1
\BOOKMARK [1][-]{section.2}{Die Wireless Open-Access Research Platform}{}% 2
\BOOKMARK [2][-]{subsection.2.1}{Das WARP v3 Kit}{section.2}% 3
\BOOKMARK [2][-]{subsection.2.2}{Konfiguration des RF Interfaces}{section.2}% 4
\BOOKMARK [1][-]{section.3}{Das Warp Reference Design 802.11}{}% 5
\BOOKMARK [1][-]{section.4}{IEE Standard 802.11p}{}% 6
\BOOKMARK [2][-]{subsection.4.1}{Der PHY Layer}{section.4}% 7
\BOOKMARK [2][-]{subsection.4.2}{Der MAC Layer}{section.4}% 8
\BOOKMARK [1][-]{section.5}{ Umsetzung}{}% 9
\BOOKMARK [2][-]{subsection.5.1}{ WARP Reference Design f\374r 802.11p}{section.5}% 10
\BOOKMARK [3][-]{subsubsection.5.1.1}{Channel-Frequenzen}{subsection.5.1}% 11
\BOOKMARK [3][-]{subsubsection.5.1.2}{Channel Bandbreite}{subsection.5.1}% 12
\BOOKMARK [2][-]{subsection.5.2}{Validierung der Umsetzung am Spektrometer}{section.5}% 13
\BOOKMARK [2][-]{subsection.5.3}{Ethernet-Schnittstelle}{section.5}% 14
\BOOKMARK [3][-]{subsubsection.5.3.1}{Hardware}{subsection.5.3}% 15
\BOOKMARK [3][-]{subsubsection.5.3.2}{RFtap}{subsection.5.3}% 16
\BOOKMARK [1][-]{section.6}{Optimierungsm\366glichkeiten und weitere Ideen}{}% 17
\BOOKMARK [2][-]{subsection.6.1}{Optimierung des IP-Stacks}{section.6}% 18
\BOOKMARK [2][-]{subsection.6.2}{Nutzung der CFO-Estimates}{section.6}% 19
\BOOKMARK [3][-]{subsubsection.6.2.1}{Doppler-Effekt}{subsection.6.2}% 20
\BOOKMARK [3][-]{subsubsection.6.2.2}{PHY-Fingerprinting}{subsection.6.2}% 21
\BOOKMARK [3][-]{subsubsection.6.2.3}{Linux Kernel}{subsection.6.2}% 22
